/pasteur/appa/homes/cduitama/miniconda3/lib/python3.9/site-packages/conda_package_streaming/package_streaming.py:25: UserWarning: zstandard could not be imported. Running without .conda support.
  warnings.warn("zstandard could not be imported. Running without .conda support.")
/pasteur/appa/homes/cduitama/miniconda3/lib/python3.9/site-packages/conda_package_handling/api.py:29: UserWarning: Install zstandard Python bindings for .conda support
  _warnings.warn("Install zstandard Python bindings for .conda support")
/pasteur/appa/homes/cduitama/miniconda3/lib/python3.9/site-packages/conda_package_streaming/package_streaming.py:25: UserWarning: zstandard could not be imported. Running without .conda support.
  warnings.warn("zstandard could not be imported. Running without .conda support.")
/pasteur/appa/homes/cduitama/miniconda3/lib/python3.9/site-packages/conda_package_handling/api.py:29: UserWarning: Install zstandard Python bindings for .conda support
  _warnings.warn("Install zstandard Python bindings for .conda support")
[I 2025-12-24 22:34:07,784] A new study created in memory with name: no-name-9ba03881-0b19-401d-8ef5-1ce4df8688f2
[I 2025-12-24 22:34:16,763] Trial 0 finished with value: 0.8093893689619048 and parameters: {'n_layers': 3, 'hidden_dim_0': 512, 'hidden_dim_1': 384, 'hidden_dim_2': 320, 'dropout': 0.1624074561769746, 'learning_rate': 2.9375384576328295e-05, 'weight_decay': 1.493656855461763e-06, 'batch_size': 32, 'use_batch_norm': True, 'activation': 'relu', 'task_weight_sample_type': 0.9563633644393066, 'task_weight_community': 1.2871346474483567, 'task_weight_host': 1.1479175279631737, 'task_weight_material': 0.9368437102970628}. Best is trial 0 with value: 0.8093893689619048.
[I 2025-12-24 22:34:18,772] Trial 1 finished with value: 0.8566894014151493 and parameters: {'n_layers': 3, 'hidden_dim_0': 128, 'hidden_dim_1': 192, 'hidden_dim_2': 192, 'dropout': 0.28242799368681437, 'learning_rate': 0.0022673986523780395, 'weight_decay': 3.972110727381911e-06, 'batch_size': 256, 'use_batch_norm': True, 'activation': 'gelu', 'task_weight_sample_type': 0.9569206537600561, 'task_weight_community': 0.6465081710095758, 'task_weight_host': 1.5263495397682354, 'task_weight_material': 1.1602287406094018}. Best is trial 1 with value: 0.8566894014151493.
[I 2025-12-24 22:34:21,968] Trial 2 finished with value: 0.5008757031076488 and parameters: {'n_layers': 2, 'hidden_dim_0': 256, 'hidden_dim_1': 64, 'dropout': 0.4637281608315128, 'learning_rate': 5.9750279999602906e-05, 'weight_decay': 9.717775305059631e-05, 'batch_size': 128, 'use_batch_norm': True, 'activation': 'relu', 'task_weight_sample_type': 1.8828113525346752, 'task_weight_community': 0.6327387530778792, 'task_weight_host': 0.7939742936287177, 'task_weight_material': 0.5678409333658071}. Best is trial 1 with value: 0.8566894014151493.
[I 2025-12-24 22:34:25,198] Trial 3 finished with value: 0.7233920337984854 and parameters: {'n_layers': 2, 'hidden_dim_0': 256, 'hidden_dim_1': 192, 'dropout': 0.43149500366077176, 'learning_rate': 0.00011756010900231849, 'weight_decay': 6.963114377829292e-06, 'batch_size': 128, 'use_batch_norm': True, 'activation': 'leaky_relu', 'task_weight_sample_type': 1.5602860157714256, 'task_weight_community': 1.5935107520614809, 'task_weight_host': 1.6569055200289187, 'task_weight_material': 0.6110669776011355}. Best is trial 1 with value: 0.8566894014151493.
[I 2025-12-24 22:34:26,691] Trial 4 finished with value: 0.6364607100153181 and parameters: {'n_layers': 3, 'hidden_dim_0': 64, 'hidden_dim_1': 448, 'hidden_dim_2': 320, 'dropout': 0.23235920994105969, 'learning_rate': 1.551225912648474e-05, 'weight_decay': 8.569331925053988e-06, 'batch_size': 256, 'use_batch_norm': True, 'activation': 'gelu', 'task_weight_sample_type': 1.6564507699318414, 'task_weight_community': 1.2406933945465861, 'task_weight_host': 1.284099244072991, 'task_weight_material': 1.1413115275378245}. Best is trial 1 with value: 0.8566894014151493.
[I 2025-12-24 22:34:27,018] Trial 5 pruned. 
[I 2025-12-24 22:34:32,937] Trial 6 finished with value: 0.7885696895477114 and parameters: {'n_layers': 2, 'hidden_dim_0': 512, 'hidden_dim_1': 320, 'dropout': 0.422976062065625, 'learning_rate': 0.004878360603452143, 'weight_decay': 8.995191735587168e-06, 'batch_size': 256, 'use_batch_norm': True, 'activation': 'relu', 'task_weight_sample_type': 0.6797980510005242, 'task_weight_community': 1.006422757105442, 'task_weight_host': 1.9143645558687787, 'task_weight_material': 0.9848043980311328}. Best is trial 1 with value: 0.8566894014151493.
[I 2025-12-24 22:34:33,628] Trial 7 pruned. 
[I 2025-12-24 22:34:38,965] Trial 8 finished with value: 0.9281409070442718 and parameters: {'n_layers': 4, 'hidden_dim_0': 448, 'hidden_dim_1': 128, 'hidden_dim_2': 384, 'hidden_dim_3': 192, 'dropout': 0.35292233223743186, 'learning_rate': 0.0007954064937683932, 'weight_decay': 4.0487788181534125e-05, 'batch_size': 64, 'use_batch_norm': False, 'activation': 'relu', 'task_weight_sample_type': 0.8397436627969069, 'task_weight_community': 1.4677591856141747, 'task_weight_host': 0.7615496435074871, 'task_weight_material': 1.5364066071536988}. Best is trial 8 with value: 0.9281409070442718.
[I 2025-12-24 22:34:39,789] Trial 9 pruned. 
[I 2025-12-24 22:34:40,493] Trial 10 pruned. 
[I 2025-12-24 22:34:40,980] Trial 11 pruned. 
[I 2025-12-24 22:34:45,709] Trial 12 finished with value: 0.9331968965552861 and parameters: {'n_layers': 4, 'hidden_dim_0': 384, 'hidden_dim_1': 192, 'hidden_dim_2': 192, 'hidden_dim_3': 512, 'dropout': 0.313865081317269, 'learning_rate': 0.0015470504932079173, 'weight_decay': 0.0001098575607481468, 'batch_size': 64, 'use_batch_norm': False, 'activation': 'gelu', 'task_weight_sample_type': 0.5543565321798457, 'task_weight_community': 1.7793026607414162, 'task_weight_host': 1.444310568327679, 'task_weight_material': 1.3406656742773846}. Best is trial 12 with value: 0.9331968965552861.
[I 2025-12-24 22:34:46,414] Trial 13 pruned. 
[I 2025-12-24 22:34:51,869] Trial 14 finished with value: 0.9266080358360411 and parameters: {'n_layers': 4, 'hidden_dim_0': 448, 'hidden_dim_1': 128, 'hidden_dim_2': 192, 'hidden_dim_3': 448, 'dropout': 0.19465489301344252, 'learning_rate': 0.00032286437621112596, 'weight_decay': 0.00019716756809071216, 'batch_size': 64, 'use_batch_norm': False, 'activation': 'gelu', 'task_weight_sample_type': 0.52812834110797, 'task_weight_community': 1.803528118426847, 'task_weight_host': 0.5785140987859165, 'task_weight_material': 1.8542976696121911}. Best is trial 12 with value: 0.9331968965552861.
[I 2025-12-24 22:34:55,883] Trial 15 finished with value: 0.9333451602477079 and parameters: {'n_layers': 4, 'hidden_dim_0': 320, 'hidden_dim_1': 128, 'hidden_dim_2': 64, 'hidden_dim_3': 320, 'dropout': 0.312550083186159, 'learning_rate': 0.0018104987369517585, 'weight_decay': 2.5534439425495645e-05, 'batch_size': 64, 'use_batch_norm': False, 'activation': 'relu', 'task_weight_sample_type': 0.7419773455209612, 'task_weight_community': 1.706349396823127, 'task_weight_host': 1.3052328180700727, 'task_weight_material': 1.4055649939284167}. Best is trial 15 with value: 0.9333451602477079.
[I 2025-12-24 22:34:59,941] Trial 16 finished with value: 0.9165588436691707 and parameters: {'n_layers': 4, 'hidden_dim_0': 320, 'hidden_dim_1': 320, 'hidden_dim_2': 64, 'hidden_dim_3': 384, 'dropout': 0.31303442527643216, 'learning_rate': 0.002417496070984857, 'weight_decay': 2.0571183716386386e-05, 'batch_size': 64, 'use_batch_norm': False, 'activation': 'gelu', 'task_weight_sample_type': 1.205419059617128, 'task_weight_community': 1.7058523719142262, 'task_weight_host': 1.3430827280431041, 'task_weight_material': 1.2967583942240233}. Best is trial 15 with value: 0.9333451602477079.
[I 2025-12-24 22:35:00,567] Trial 17 pruned. 
[I 2025-12-24 22:35:01,059] Trial 18 pruned. 
[I 2025-12-24 22:35:01,693] Trial 19 pruned. 
[I 2025-12-24 22:35:07,045] Trial 20 finished with value: 0.9334079434203466 and parameters: {'n_layers': 3, 'hidden_dim_0': 448, 'hidden_dim_1': 128, 'hidden_dim_2': 256, 'dropout': 0.3045989414886467, 'learning_rate': 0.001264558374684636, 'weight_decay': 6.685218678483114e-05, 'batch_size': 64, 'use_batch_norm': False, 'activation': 'relu', 'task_weight_sample_type': 0.7979277938891409, 'task_weight_community': 1.744440266453817, 'task_weight_host': 1.2359844518570704, 'task_weight_material': 0.7392948333721725}. Best is trial 20 with value: 0.9334079434203466.
[I 2025-12-24 22:35:12,401] Trial 21 finished with value: 0.9294916479911689 and parameters: {'n_layers': 3, 'hidden_dim_0': 448, 'hidden_dim_1': 128, 'hidden_dim_2': 256, 'dropout': 0.30073144044497, 'learning_rate': 0.0013024571074254482, 'weight_decay': 6.614568081531805e-05, 'batch_size': 64, 'use_batch_norm': False, 'activation': 'relu', 'task_weight_sample_type': 0.8146645761789354, 'task_weight_community': 1.7430938100940476, 'task_weight_host': 1.1703371265236995, 'task_weight_material': 0.7878141419153273}. Best is trial 20 with value: 0.9334079434203466.
[I 2025-12-24 22:35:13,096] Trial 22 pruned. 
[I 2025-12-24 22:35:13,881] Trial 23 pruned. 
[I 2025-12-24 22:35:16,044] Trial 24 pruned. 
[I 2025-12-24 22:35:16,602] Trial 25 pruned. 
[I 2025-12-24 22:35:21,284] Trial 26 finished with value: 0.9313409008388019 and parameters: {'n_layers': 3, 'hidden_dim_0': 384, 'hidden_dim_1': 256, 'hidden_dim_2': 384, 'dropout': 0.24111235423644833, 'learning_rate': 0.0008891771940692987, 'weight_decay': 0.0009906558253896048, 'batch_size': 64, 'use_batch_norm': False, 'activation': 'relu', 'task_weight_sample_type': 1.059775631239499, 'task_weight_community': 1.359152785090244, 'task_weight_host': 1.7783650376993898, 'task_weight_material': 1.5220695262257418}. Best is trial 20 with value: 0.9334079434203466.
[I 2025-12-24 22:35:22,055] Trial 27 pruned. 
[I 2025-12-24 22:35:22,757] Trial 28 pruned. 
[I 2025-12-24 22:35:24,674] Trial 29 pruned. 
[I 2025-12-24 22:35:26,114] Trial 30 pruned. 
[I 2025-12-24 22:35:30,806] Trial 31 finished with value: 0.9304458419942653 and parameters: {'n_layers': 3, 'hidden_dim_0': 384, 'hidden_dim_1': 256, 'hidden_dim_2': 384, 'dropout': 0.2506040941727918, 'learning_rate': 0.0008765185430433004, 'weight_decay': 0.0006331215391712557, 'batch_size': 64, 'use_batch_norm': False, 'activation': 'relu', 'task_weight_sample_type': 1.0734656640351572, 'task_weight_community': 1.330195185338089, 'task_weight_host': 1.80969494947686, 'task_weight_material': 1.4945632658307204}. Best is trial 20 with value: 0.9334079434203466.
[I 2025-12-24 22:35:34,887] Trial 32 finished with value: 0.949845743504026 and parameters: {'n_layers': 3, 'hidden_dim_0': 320, 'hidden_dim_1': 384, 'hidden_dim_2': 384, 'dropout': 0.2889478520889971, 'learning_rate': 0.0009852953287440701, 'weight_decay': 0.00032221189398952096, 'batch_size': 64, 'use_batch_norm': False, 'activation': 'relu', 'task_weight_sample_type': 1.00302048686334, 'task_weight_community': 1.5408206201341554, 'task_weight_host': 1.7949965537197596, 'task_weight_material': 1.7827366440733545}. Best is trial 32 with value: 0.949845743504026.
[I 2025-12-24 22:35:38,872] Trial 33 finished with value: 0.9405010268468663 and parameters: {'n_layers': 3, 'hidden_dim_0': 320, 'hidden_dim_1': 384, 'hidden_dim_2': 448, 'dropout': 0.2895165268016684, 'learning_rate': 0.0014952579396502698, 'weight_decay': 0.00013299413835374566, 'batch_size': 64, 'use_batch_norm': False, 'activation': 'relu', 'task_weight_sample_type': 0.9501037295929226, 'task_weight_community': 1.6378177368928333, 'task_weight_host': 1.720575869230527, 'task_weight_material': 1.8026939345602138}. Best is trial 32 with value: 0.949845743504026.
[I 2025-12-24 22:35:42,245] Trial 34 finished with value: 0.9416393271729218 and parameters: {'n_layers': 3, 'hidden_dim_0': 256, 'hidden_dim_1': 384, 'hidden_dim_2': 448, 'dropout': 0.2798105169700475, 'learning_rate': 0.002180078979315437, 'weight_decay': 0.0002883228694692826, 'batch_size': 64, 'use_batch_norm': False, 'activation': 'relu', 'task_weight_sample_type': 0.9536555954227888, 'task_weight_community': 1.5560869468861624, 'task_weight_host': 1.7123309698812856, 'task_weight_material': 1.8198452103615428}. Best is trial 32 with value: 0.949845743504026.
[I 2025-12-24 22:35:45,603] Trial 35 finished with value: 0.9406967644086799 and parameters: {'n_layers': 3, 'hidden_dim_0': 256, 'hidden_dim_1': 384, 'hidden_dim_2': 448, 'dropout': 0.2914211164243077, 'learning_rate': 0.003266371515475026, 'weight_decay': 0.00016434285719362768, 'batch_size': 256, 'use_batch_norm': False, 'activation': 'relu', 'task_weight_sample_type': 0.970036917870037, 'task_weight_community': 1.58753586122853, 'task_weight_host': 1.721489935104705, 'task_weight_material': 1.824757905089935}. Best is trial 32 with value: 0.949845743504026.
[I 2025-12-24 22:35:47,586] Trial 36 pruned. 
[I 2025-12-24 22:35:48,002] Trial 37 pruned. 
[I 2025-12-24 22:35:51,369] Trial 38 finished with value: 0.9425632282144542 and parameters: {'n_layers': 3, 'hidden_dim_0': 256, 'hidden_dim_1': 448, 'hidden_dim_2': 448, 'dropout': 0.22047227434956132, 'learning_rate': 0.0029403091640846425, 'weight_decay': 0.00014873787117953213, 'batch_size': 256, 'use_batch_norm': False, 'activation': 'relu', 'task_weight_sample_type': 1.1435806232910928, 'task_weight_community': 1.6359813763732947, 'task_weight_host': 1.6980993320101168, 'task_weight_material': 1.7970365442265828}. Best is trial 32 with value: 0.949845743504026.
[I 2025-12-24 22:35:51,929] Trial 39 pruned. 
[I 2025-12-24 22:35:54,749] Trial 40 finished with value: 0.9403208235138228 and parameters: {'n_layers': 3, 'hidden_dim_0': 192, 'hidden_dim_1': 448, 'hidden_dim_2': 512, 'dropout': 0.22033420104920098, 'learning_rate': 0.002724646265781918, 'weight_decay': 0.0007248087749662937, 'batch_size': 256, 'use_batch_norm': False, 'activation': 'leaky_relu', 'task_weight_sample_type': 1.1519811229820287, 'task_weight_community': 1.2318193291506232, 'task_weight_host': 1.878617580563189, 'task_weight_material': 1.7578374749172412}. Best is trial 32 with value: 0.949845743504026.
[I 2025-12-24 22:35:58,107] Trial 41 finished with value: 0.9355557328217324 and parameters: {'n_layers': 3, 'hidden_dim_0': 256, 'hidden_dim_1': 384, 'hidden_dim_2': 448, 'dropout': 0.29109648963417967, 'learning_rate': 0.004826709506991351, 'weight_decay': 0.0001537602418075708, 'batch_size': 256, 'use_batch_norm': False, 'activation': 'relu', 'task_weight_sample_type': 0.984629025230356, 'task_weight_community': 1.6370488217389765, 'task_weight_host': 1.720233394358336, 'task_weight_material': 1.7507153888233986}. Best is trial 32 with value: 0.949845743504026.
[I 2025-12-24 22:36:00,707] Trial 42 finished with value: 0.9382524578577881 and parameters: {'n_layers': 3, 'hidden_dim_0': 256, 'hidden_dim_1': 448, 'hidden_dim_2': 448, 'dropout': 0.22041644727384138, 'learning_rate': 0.0022251178694930873, 'weight_decay': 0.00015744452237943088, 'batch_size': 256, 'use_batch_norm': False, 'activation': 'relu', 'task_weight_sample_type': 1.0173211815196, 'task_weight_community': 1.54589392740453, 'task_weight_host': 1.996759923212939, 'task_weight_material': 1.8834880280124133}. Best is trial 32 with value: 0.949845743504026.
[I 2025-12-24 22:36:01,127] Trial 43 pruned. 
[I 2025-12-24 22:36:01,620] Trial 44 pruned. 
[I 2025-12-24 22:36:02,553] Trial 45 pruned. 
[I 2025-12-24 22:36:03,116] Trial 46 pruned. 
[I 2025-12-24 22:36:03,761] Trial 47 pruned. 
/pasteur/appa/scratch/cduitama/EDID/decOM-classify/src/diana/utils/checkpointing.py:239: FutureWarning: You are using `torch.load` with `weights_only=False` (the current default value), which uses the default pickle module implicitly. It is possible to construct malicious pickle data which will execute arbitrary code during unpickling (See https://github.com/pytorch/pytorch/blob/main/SECURITY.md#untrusted-models for more details). In a future release, the default value for `weights_only` will be flipped to `True`. This limits the functions that could be executed during unpickling. Arbitrary objects will no longer be allowed to be loaded via this mode unless they are explicitly allowlisted by the user via `torch.serialization.add_safe_globals`. We recommend you start setting `weights_only=True` for any use case where you don't have full control of the loaded file. Please open an issue on GitHub for any issues related to this experimental feature.
  checkpoint = torch.load(checkpoint_path, map_location='cpu')
