[I 2025-12-23 14:01:55,127] A new study created in memory with name: no-name-6755cd60-832b-4dac-8349-21680e61be8a
[I 2025-12-23 14:02:03,541] Trial 0 finished with value: 0.8318724316890479 and parameters: {'n_layers': 3, 'hidden_dim_0': 512, 'hidden_dim_1': 384, 'hidden_dim_2': 320, 'dropout': 0.1624074561769746, 'learning_rate': 2.9375384576328295e-05, 'weight_decay': 1.493656855461763e-06, 'batch_size': 32, 'use_batch_norm': True, 'activation': 'relu', 'task_weight_sample_type': 0.9563633644393066, 'task_weight_community': 1.2871346474483567, 'task_weight_host': 1.1479175279631737, 'task_weight_material': 0.9368437102970628}. Best is trial 0 with value: 0.8318724316890479.
[I 2025-12-23 14:02:05,753] Trial 1 finished with value: 0.8544725684855077 and parameters: {'n_layers': 3, 'hidden_dim_0': 128, 'hidden_dim_1': 192, 'hidden_dim_2': 192, 'dropout': 0.28242799368681437, 'learning_rate': 0.0022673986523780395, 'weight_decay': 3.972110727381911e-06, 'batch_size': 256, 'use_batch_norm': True, 'activation': 'gelu', 'task_weight_sample_type': 0.9569206537600561, 'task_weight_community': 0.6465081710095758, 'task_weight_host': 1.5263495397682354, 'task_weight_material': 1.1602287406094018}. Best is trial 1 with value: 0.8544725684855077.
[I 2025-12-23 14:02:09,339] Trial 2 finished with value: 0.553583766864894 and parameters: {'n_layers': 2, 'hidden_dim_0': 256, 'hidden_dim_1': 64, 'dropout': 0.4637281608315128, 'learning_rate': 5.9750279999602906e-05, 'weight_decay': 9.717775305059631e-05, 'batch_size': 128, 'use_batch_norm': True, 'activation': 'relu', 'task_weight_sample_type': 1.8828113525346752, 'task_weight_community': 0.6327387530778792, 'task_weight_host': 0.7939742936287177, 'task_weight_material': 0.5678409333658071}. Best is trial 1 with value: 0.8544725684855077.
[I 2025-12-23 14:02:12,958] Trial 3 finished with value: 0.7538298533458826 and parameters: {'n_layers': 2, 'hidden_dim_0': 256, 'hidden_dim_1': 192, 'dropout': 0.43149500366077176, 'learning_rate': 0.00011756010900231849, 'weight_decay': 6.963114377829292e-06, 'batch_size': 128, 'use_batch_norm': True, 'activation': 'leaky_relu', 'task_weight_sample_type': 1.5602860157714256, 'task_weight_community': 1.5935107520614809, 'task_weight_host': 1.6569055200289187, 'task_weight_material': 0.6110669776011355}. Best is trial 1 with value: 0.8544725684855077.
[I 2025-12-23 14:02:14,591] Trial 4 finished with value: 0.635213682791846 and parameters: {'n_layers': 3, 'hidden_dim_0': 64, 'hidden_dim_1': 448, 'hidden_dim_2': 320, 'dropout': 0.23235920994105969, 'learning_rate': 1.551225912648474e-05, 'weight_decay': 8.569331925053988e-06, 'batch_size': 256, 'use_batch_norm': True, 'activation': 'gelu', 'task_weight_sample_type': 1.6564507699318414, 'task_weight_community': 1.2406933945465861, 'task_weight_host': 1.284099244072991, 'task_weight_material': 1.1413115275378245}. Best is trial 1 with value: 0.8544725684855077.
[I 2025-12-23 14:02:14,940] Trial 5 pruned. 
[I 2025-12-23 14:02:21,451] Trial 6 finished with value: 0.8093328294625749 and parameters: {'n_layers': 2, 'hidden_dim_0': 512, 'hidden_dim_1': 320, 'dropout': 0.422976062065625, 'learning_rate': 0.004878360603452143, 'weight_decay': 8.995191735587168e-06, 'batch_size': 256, 'use_batch_norm': True, 'activation': 'relu', 'task_weight_sample_type': 0.6797980510005242, 'task_weight_community': 1.006422757105442, 'task_weight_host': 1.9143645558687787, 'task_weight_material': 0.9848043980311328}. Best is trial 1 with value: 0.8544725684855077.
[I 2025-12-23 14:02:22,186] Trial 7 pruned. 
[I 2025-12-23 14:02:28,166] Trial 8 finished with value: 0.9365322034169008 and parameters: {'n_layers': 4, 'hidden_dim_0': 448, 'hidden_dim_1': 128, 'hidden_dim_2': 384, 'hidden_dim_3': 192, 'dropout': 0.35292233223743186, 'learning_rate': 0.0007954064937683932, 'weight_decay': 4.0487788181534125e-05, 'batch_size': 64, 'use_batch_norm': False, 'activation': 'relu', 'task_weight_sample_type': 0.8397436627969069, 'task_weight_community': 1.4677591856141747, 'task_weight_host': 0.7615496435074871, 'task_weight_material': 1.5364066071536988}. Best is trial 8 with value: 0.9365322034169008.
[I 2025-12-23 14:02:29,040] Trial 9 pruned. 
[I 2025-12-23 14:02:34,262] Trial 10 finished with value: 0.938595852374232 and parameters: {'n_layers': 4, 'hidden_dim_0': 384, 'hidden_dim_1': 512, 'hidden_dim_2': 512, 'hidden_dim_3': 192, 'dropout': 0.33833649429828905, 'learning_rate': 0.0006642394805177933, 'weight_decay': 0.0006392120575100211, 'batch_size': 64, 'use_batch_norm': False, 'activation': 'relu', 'task_weight_sample_type': 1.1599238067924236, 'task_weight_community': 1.8734569561683112, 'task_weight_host': 0.5832307225848317, 'task_weight_material': 1.984668281505232}. Best is trial 10 with value: 0.938595852374232.
[I 2025-12-23 14:02:35,014] Trial 11 pruned. 
[I 2025-12-23 14:02:35,773] Trial 12 pruned. 
[I 2025-12-23 14:02:40,309] Trial 13 finished with value: 0.9430603045973652 and parameters: {'n_layers': 4, 'hidden_dim_0': 320, 'hidden_dim_1': 512, 'hidden_dim_2': 384, 'hidden_dim_3': 128, 'dropout': 0.2798234200465132, 'learning_rate': 0.001505835895129926, 'weight_decay': 6.81677618519662e-05, 'batch_size': 64, 'use_batch_norm': False, 'activation': 'relu', 'task_weight_sample_type': 0.5056016197056301, 'task_weight_community': 1.7065384481268222, 'task_weight_host': 0.8825856038208442, 'task_weight_material': 1.93795942963341}. Best is trial 13 with value: 0.9430603045973652.
[I 2025-12-23 14:02:44,892] Trial 14 finished with value: 0.9373851094870866 and parameters: {'n_layers': 4, 'hidden_dim_0': 320, 'hidden_dim_1': 512, 'hidden_dim_2': 64, 'hidden_dim_3': 448, 'dropout': 0.2336373347831663, 'learning_rate': 0.0016996070760352023, 'weight_decay': 0.00027240877288397516, 'batch_size': 64, 'use_batch_norm': False, 'activation': 'relu', 'task_weight_sample_type': 0.5430895325747482, 'task_weight_community': 1.7537607905781742, 'task_weight_host': 0.9063641922015432, 'task_weight_material': 1.956576628389852}. Best is trial 13 with value: 0.9430603045973652.
[I 2025-12-23 14:02:45,413] Trial 15 pruned. 
[I 2025-12-23 14:02:46,095] Trial 16 pruned. 
[I 2025-12-23 14:02:46,632] Trial 17 pruned. 
[I 2025-12-23 14:02:52,834] Trial 18 finished with value: 0.9289901287067059 and parameters: {'n_layers': 4, 'hidden_dim_0': 448, 'hidden_dim_1': 512, 'hidden_dim_2': 512, 'hidden_dim_3': 320, 'dropout': 0.31250765764879657, 'learning_rate': 0.0009182461826731419, 'weight_decay': 0.00040471078787818996, 'batch_size': 64, 'use_batch_norm': False, 'activation': 'leaky_relu', 'task_weight_sample_type': 1.3158904592651313, 'task_weight_community': 1.8967846810784108, 'task_weight_host': 0.9644417286097688, 'task_weight_material': 1.3541937606948427}. Best is trial 13 with value: 0.9430603045973652.
[I 2025-12-23 14:02:57,336] Trial 19 finished with value: 0.9240004918811413 and parameters: {'n_layers': 4, 'hidden_dim_0': 320, 'hidden_dim_1': 384, 'hidden_dim_2': 256, 'hidden_dim_3': 128, 'dropout': 0.10168763443193654, 'learning_rate': 0.007847418440562744, 'weight_decay': 1.8141707277330932e-05, 'batch_size': 32, 'use_batch_norm': False, 'activation': 'gelu', 'task_weight_sample_type': 0.9703876479545935, 'task_weight_community': 1.6376237588342137, 'task_weight_host': 1.100028608895133, 'task_weight_material': 1.8923497361773771}. Best is trial 13 with value: 0.9430603045973652.
[I 2025-12-23 14:03:03,430] Trial 20 finished with value: 0.9300913279674791 and parameters: {'n_layers': 3, 'hidden_dim_0': 448, 'hidden_dim_1': 256, 'hidden_dim_2': 384, 'dropout': 0.19416739408854655, 'learning_rate': 0.0003674771291363724, 'weight_decay': 0.00021731939976796629, 'batch_size': 64, 'use_batch_norm': False, 'activation': 'relu', 'task_weight_sample_type': 0.7204832160119792, 'task_weight_community': 1.4142402053112428, 'task_weight_host': 0.6948631768686475, 'task_weight_material': 1.6848264008062879}. Best is trial 13 with value: 0.9430603045973652.
[I 2025-12-23 14:03:06,222] Trial 21 pruned. 
[I 2025-12-23 14:03:09,992] Trial 22 finished with value: 0.9294690049024066 and parameters: {'n_layers': 4, 'hidden_dim_0': 256, 'hidden_dim_1': 512, 'hidden_dim_2': 64, 'hidden_dim_3': 512, 'dropout': 0.3085344765022332, 'learning_rate': 0.001415720800257294, 'weight_decay': 0.0002021327757297649, 'batch_size': 64, 'use_batch_norm': False, 'activation': 'relu', 'task_weight_sample_type': 0.6082659263696452, 'task_weight_community': 1.9784534748282891, 'task_weight_host': 0.8749484346250018, 'task_weight_material': 1.9761440418312226}. Best is trial 13 with value: 0.9430603045973652.
[I 2025-12-23 14:03:10,745] Trial 23 pruned. 
[I 2025-12-23 14:03:11,433] Trial 24 pruned. 
[I 2025-12-23 14:03:11,969] Trial 25 pruned. 
[I 2025-12-23 14:03:16,694] Trial 26 finished with value: 0.9290434693818155 and parameters: {'n_layers': 3, 'hidden_dim_0': 384, 'hidden_dim_1': 384, 'hidden_dim_2': 448, 'dropout': 0.1947903131609055, 'learning_rate': 0.0036803121462274224, 'weight_decay': 0.00013194891877215672, 'batch_size': 64, 'use_batch_norm': False, 'activation': 'relu', 'task_weight_sample_type': 0.7957204713804515, 'task_weight_community': 1.0445030578721446, 'task_weight_host': 0.8558542129988199, 'task_weight_material': 1.6345286879497483}. Best is trial 13 with value: 0.9430603045973652.
[I 2025-12-23 14:03:17,288] Trial 27 pruned. 
[I 2025-12-23 14:03:18,082] Trial 28 pruned. 
[I 2025-12-23 14:03:24,187] Trial 29 finished with value: 0.9362389330958002 and parameters: {'n_layers': 4, 'hidden_dim_0': 448, 'hidden_dim_1': 320, 'hidden_dim_2': 192, 'hidden_dim_3': 256, 'dropout': 0.15362240167618937, 'learning_rate': 0.0014048400953162832, 'weight_decay': 6.88213108868321e-05, 'batch_size': 32, 'use_batch_norm': False, 'activation': 'gelu', 'task_weight_sample_type': 0.8963906331398658, 'task_weight_community': 1.3488932228358452, 'task_weight_host': 1.169875754624878, 'task_weight_material': 1.895979716669832}. Best is trial 13 with value: 0.9430603045973652.
[I 2025-12-23 14:03:24,961] Trial 30 pruned. 
[I 2025-12-23 14:03:27,482] Trial 31 pruned. 
[I 2025-12-23 14:03:28,324] Trial 32 pruned. 
[I 2025-12-23 14:03:29,080] Trial 33 pruned. 
[I 2025-12-23 14:03:29,986] Trial 34 pruned. 
[I 2025-12-23 14:03:30,590] Trial 35 pruned. 
[I 2025-12-23 14:03:31,351] Trial 36 pruned. 
[I 2025-12-23 14:03:32,185] Trial 37 pruned. 
[I 2025-12-23 14:03:32,639] Trial 38 pruned. 
[I 2025-12-23 14:03:33,547] Trial 39 pruned. 
[I 2025-12-23 14:03:34,237] Trial 40 pruned. 
[I 2025-12-23 14:03:40,341] Trial 41 finished with value: 0.9296988955100846 and parameters: {'n_layers': 4, 'hidden_dim_0': 448, 'hidden_dim_1': 320, 'hidden_dim_2': 192, 'hidden_dim_3': 256, 'dropout': 0.1580103690675083, 'learning_rate': 0.0014354345326554974, 'weight_decay': 7.028920702166189e-05, 'batch_size': 32, 'use_batch_norm': False, 'activation': 'gelu', 'task_weight_sample_type': 0.8625236438115766, 'task_weight_community': 1.325268670209844, 'task_weight_host': 1.2131234279365084, 'task_weight_material': 1.906488320960077}. Best is trial 13 with value: 0.9430603045973652.
[I 2025-12-23 14:03:41,095] Trial 42 pruned. 
[I 2025-12-23 14:03:41,944] Trial 43 pruned. 
[I 2025-12-23 14:03:45,453] Trial 44 pruned. 
[I 2025-12-23 14:03:46,356] Trial 45 pruned. 
[I 2025-12-23 14:03:47,344] Trial 46 pruned. 
[I 2025-12-23 14:03:48,231] Trial 47 pruned. 
/pasteur/appa/scratch/cduitama/EDID/decOM-classify/src/diana/utils/checkpointing.py:239: FutureWarning: You are using `torch.load` with `weights_only=False` (the current default value), which uses the default pickle module implicitly. It is possible to construct malicious pickle data which will execute arbitrary code during unpickling (See https://github.com/pytorch/pytorch/blob/main/SECURITY.md#untrusted-models for more details). In a future release, the default value for `weights_only` will be flipped to `True`. This limits the functions that could be executed during unpickling. Arbitrary objects will no longer be allowed to be loaded via this mode unless they are explicitly allowlisted by the user via `torch.serialization.add_safe_globals`. We recommend you start setting `weights_only=True` for any use case where you don't have full control of the loaded file. Please open an issue on GitHub for any issues related to this experimental feature.
  checkpoint = torch.load(checkpoint_path, map_location='cpu')
/pasteur/appa/scratch/cduitama/EDID/decOM-classify/env/lib/python3.10/site-packages/sklearn/metrics/_classification.py:2801: UserWarning: y_pred contains classes not in y_true
  warnings.warn("y_pred contains classes not in y_true")
