[I 2025-12-23 14:01:02,172] A new study created in memory with name: no-name-35b37c5f-f7f8-431a-976b-69f58f54d891
[I 2025-12-23 14:01:13,021] Trial 0 finished with value: 0.830176356604551 and parameters: {'n_layers': 3, 'hidden_dim_0': 512, 'hidden_dim_1': 384, 'hidden_dim_2': 320, 'dropout': 0.1624074561769746, 'learning_rate': 2.9375384576328295e-05, 'weight_decay': 1.493656855461763e-06, 'batch_size': 32, 'use_batch_norm': True, 'activation': 'relu', 'task_weight_sample_type': 0.9563633644393066, 'task_weight_community': 1.2871346474483567, 'task_weight_host': 1.1479175279631737, 'task_weight_material': 0.9368437102970628}. Best is trial 0 with value: 0.830176356604551.
[I 2025-12-23 14:01:15,269] Trial 1 finished with value: 0.8651844023681068 and parameters: {'n_layers': 3, 'hidden_dim_0': 128, 'hidden_dim_1': 192, 'hidden_dim_2': 192, 'dropout': 0.28242799368681437, 'learning_rate': 0.0022673986523780395, 'weight_decay': 3.972110727381911e-06, 'batch_size': 256, 'use_batch_norm': True, 'activation': 'gelu', 'task_weight_sample_type': 0.9569206537600561, 'task_weight_community': 0.6465081710095758, 'task_weight_host': 1.5263495397682354, 'task_weight_material': 1.1602287406094018}. Best is trial 1 with value: 0.8651844023681068.
[I 2025-12-23 14:01:18,866] Trial 2 finished with value: 0.5452948767035846 and parameters: {'n_layers': 2, 'hidden_dim_0': 256, 'hidden_dim_1': 64, 'dropout': 0.4637281608315128, 'learning_rate': 5.9750279999602906e-05, 'weight_decay': 9.717775305059631e-05, 'batch_size': 128, 'use_batch_norm': True, 'activation': 'relu', 'task_weight_sample_type': 1.8828113525346752, 'task_weight_community': 0.6327387530778792, 'task_weight_host': 0.7939742936287177, 'task_weight_material': 0.5678409333658071}. Best is trial 1 with value: 0.8651844023681068.
[I 2025-12-23 14:01:22,500] Trial 3 finished with value: 0.7575814244866903 and parameters: {'n_layers': 2, 'hidden_dim_0': 256, 'hidden_dim_1': 192, 'dropout': 0.43149500366077176, 'learning_rate': 0.00011756010900231849, 'weight_decay': 6.963114377829292e-06, 'batch_size': 128, 'use_batch_norm': True, 'activation': 'leaky_relu', 'task_weight_sample_type': 1.5602860157714256, 'task_weight_community': 1.5935107520614809, 'task_weight_host': 1.6569055200289187, 'task_weight_material': 0.6110669776011355}. Best is trial 1 with value: 0.8651844023681068.
[I 2025-12-23 14:01:24,142] Trial 4 finished with value: 0.6584781309328493 and parameters: {'n_layers': 3, 'hidden_dim_0': 64, 'hidden_dim_1': 448, 'hidden_dim_2': 320, 'dropout': 0.23235920994105969, 'learning_rate': 1.551225912648474e-05, 'weight_decay': 8.569331925053988e-06, 'batch_size': 256, 'use_batch_norm': True, 'activation': 'gelu', 'task_weight_sample_type': 1.6564507699318414, 'task_weight_community': 1.2406933945465861, 'task_weight_host': 1.284099244072991, 'task_weight_material': 1.1413115275378245}. Best is trial 1 with value: 0.8651844023681068.
[I 2025-12-23 14:01:24,497] Trial 5 pruned. 
[I 2025-12-23 14:01:25,542] Trial 6 pruned. 
[I 2025-12-23 14:01:26,419] Trial 7 pruned. 
[I 2025-12-23 14:01:32,424] Trial 8 finished with value: 0.9310217937167048 and parameters: {'n_layers': 4, 'hidden_dim_0': 448, 'hidden_dim_1': 128, 'hidden_dim_2': 384, 'hidden_dim_3': 192, 'dropout': 0.35292233223743186, 'learning_rate': 0.0007954064937683932, 'weight_decay': 4.0487788181534125e-05, 'batch_size': 64, 'use_batch_norm': False, 'activation': 'relu', 'task_weight_sample_type': 0.8397436627969069, 'task_weight_community': 1.4677591856141747, 'task_weight_host': 0.7615496435074871, 'task_weight_material': 1.5364066071536988}. Best is trial 8 with value: 0.9310217937167048.
[I 2025-12-23 14:01:33,307] Trial 9 pruned. 
[I 2025-12-23 14:01:38,547] Trial 10 finished with value: 0.9346639928586655 and parameters: {'n_layers': 4, 'hidden_dim_0': 384, 'hidden_dim_1': 512, 'hidden_dim_2': 512, 'hidden_dim_3': 192, 'dropout': 0.33833649429828905, 'learning_rate': 0.0006642394805177933, 'weight_decay': 0.0006392120575100211, 'batch_size': 64, 'use_batch_norm': False, 'activation': 'relu', 'task_weight_sample_type': 1.1599238067924236, 'task_weight_community': 1.8734569561683112, 'task_weight_host': 0.5832307225848317, 'task_weight_material': 1.984668281505232}. Best is trial 10 with value: 0.9346639928586655.
[I 2025-12-23 14:01:43,765] Trial 11 finished with value: 0.9292432532841484 and parameters: {'n_layers': 4, 'hidden_dim_0': 384, 'hidden_dim_1': 512, 'hidden_dim_2': 512, 'hidden_dim_3': 192, 'dropout': 0.35406145696680863, 'learning_rate': 0.0008078972480842522, 'weight_decay': 0.0009662781058778639, 'batch_size': 64, 'use_batch_norm': False, 'activation': 'relu', 'task_weight_sample_type': 1.171475080826344, 'task_weight_community': 1.9940247976211534, 'task_weight_host': 0.5729809358696776, 'task_weight_material': 1.9789909276021307}. Best is trial 10 with value: 0.9346639928586655.
[I 2025-12-23 14:01:44,518] Trial 12 pruned. 
[I 2025-12-23 14:01:49,059] Trial 13 finished with value: 0.9385337964999033 and parameters: {'n_layers': 4, 'hidden_dim_0': 320, 'hidden_dim_1': 512, 'hidden_dim_2': 384, 'hidden_dim_3': 128, 'dropout': 0.2798234200465132, 'learning_rate': 0.001505835895129926, 'weight_decay': 6.81677618519662e-05, 'batch_size': 64, 'use_batch_norm': False, 'activation': 'relu', 'task_weight_sample_type': 0.5056016197056301, 'task_weight_community': 1.7065384481268222, 'task_weight_host': 0.8825856038208442, 'task_weight_material': 1.93795942963341}. Best is trial 13 with value: 0.9385337964999033.
[I 2025-12-23 14:01:53,653] Trial 14 finished with value: 0.943984725829731 and parameters: {'n_layers': 4, 'hidden_dim_0': 320, 'hidden_dim_1': 512, 'hidden_dim_2': 64, 'hidden_dim_3': 448, 'dropout': 0.2336373347831663, 'learning_rate': 0.0016996070760352023, 'weight_decay': 0.00027240877288397516, 'batch_size': 64, 'use_batch_norm': False, 'activation': 'relu', 'task_weight_sample_type': 0.5430895325747482, 'task_weight_community': 1.7537607905781742, 'task_weight_host': 0.9063641922015432, 'task_weight_material': 1.956576628389852}. Best is trial 14 with value: 0.943984725829731.
[I 2025-12-23 14:01:56,736] Trial 15 finished with value: 0.9363844438847885 and parameters: {'n_layers': 4, 'hidden_dim_0': 192, 'hidden_dim_1': 448, 'hidden_dim_2': 64, 'hidden_dim_3': 512, 'dropout': 0.2248047359952134, 'learning_rate': 0.0020431618690932175, 'weight_decay': 0.00019361105279663856, 'batch_size': 64, 'use_batch_norm': False, 'activation': 'relu', 'task_weight_sample_type': 0.506133761544448, 'task_weight_community': 1.7183240396493933, 'task_weight_host': 0.9594420841063155, 'task_weight_material': 1.786746226289049}. Best is trial 14 with value: 0.943984725829731.
[I 2025-12-23 14:01:57,634] Trial 16 pruned. 
[I 2025-12-23 14:02:02,195] Trial 17 finished with value: 0.9344592664849702 and parameters: {'n_layers': 4, 'hidden_dim_0': 320, 'hidden_dim_1': 384, 'hidden_dim_2': 192, 'hidden_dim_3': 384, 'dropout': 0.2771276367715274, 'learning_rate': 0.0019624920724733803, 'weight_decay': 0.0003138982607586012, 'batch_size': 64, 'use_batch_norm': False, 'activation': 'relu', 'task_weight_sample_type': 0.698252415735538, 'task_weight_community': 1.7563025931364855, 'task_weight_host': 0.8791370504951582, 'task_weight_material': 1.4828072122212692}. Best is trial 14 with value: 0.943984725829731.
[I 2025-12-23 14:02:02,730] Trial 18 pruned. 
[I 2025-12-23 14:02:03,412] Trial 19 pruned. 
[I 2025-12-23 14:02:07,896] Trial 20 finished with value: 0.9376086488551656 and parameters: {'n_layers': 3, 'hidden_dim_0': 320, 'hidden_dim_1': 256, 'hidden_dim_2': 128, 'dropout': 0.2578331450574588, 'learning_rate': 0.0012106845156877586, 'weight_decay': 0.00021731939976796629, 'batch_size': 64, 'use_batch_norm': False, 'activation': 'relu', 'task_weight_sample_type': 1.3075935685101439, 'task_weight_community': 1.3594939779569448, 'task_weight_host': 1.1577191359800176, 'task_weight_material': 1.3880073739688281}. Best is trial 14 with value: 0.943984725829731.
[I 2025-12-23 14:02:12,366] Trial 21 finished with value: 0.9322258010732118 and parameters: {'n_layers': 3, 'hidden_dim_0': 320, 'hidden_dim_1': 256, 'hidden_dim_2': 128, 'dropout': 0.2549928671566246, 'learning_rate': 0.0014481659520636438, 'weight_decay': 0.0002135299773108581, 'batch_size': 64, 'use_batch_norm': False, 'activation': 'relu', 'task_weight_sample_type': 1.3760400876366743, 'task_weight_community': 1.360975905051005, 'task_weight_host': 1.1888976636764188, 'task_weight_material': 1.3737480249651774}. Best is trial 14 with value: 0.943984725829731.
[I 2025-12-23 14:02:15,815] Trial 22 finished with value: 0.9380602247055432 and parameters: {'n_layers': 3, 'hidden_dim_0': 256, 'hidden_dim_1': 256, 'hidden_dim_2': 128, 'dropout': 0.30477189545496264, 'learning_rate': 0.004122457292366162, 'weight_decay': 0.00011628000481940215, 'batch_size': 64, 'use_batch_norm': False, 'activation': 'relu', 'task_weight_sample_type': 0.8543528572252024, 'task_weight_community': 1.6477491014368304, 'task_weight_host': 1.4438160555951425, 'task_weight_material': 1.6728248993167059}. Best is trial 14 with value: 0.943984725829731.
[I 2025-12-23 14:02:16,741] Trial 23 pruned. 
[I 2025-12-23 14:02:22,710] Trial 24 finished with value: 0.9363773385297619 and parameters: {'n_layers': 3, 'hidden_dim_0': 448, 'hidden_dim_1': 320, 'hidden_dim_2': 128, 'dropout': 0.30725284749564463, 'learning_rate': 0.003590179164227177, 'weight_decay': 0.00011029956803561836, 'batch_size': 64, 'use_batch_norm': False, 'activation': 'relu', 'task_weight_sample_type': 0.6034632977671981, 'task_weight_community': 1.819677932205711, 'task_weight_host': 1.3847662516559396, 'task_weight_material': 1.8604457409252149}. Best is trial 14 with value: 0.943984725829731.
[I 2025-12-23 14:02:23,402] Trial 25 pruned. 
[I 2025-12-23 14:02:23,855] Trial 26 pruned. 
[I 2025-12-23 14:02:25,279] Trial 27 pruned. 
[I 2025-12-23 14:02:29,914] Trial 28 finished with value: 0.9377365457918704 and parameters: {'n_layers': 3, 'hidden_dim_0': 320, 'hidden_dim_1': 448, 'hidden_dim_2': 448, 'dropout': 0.3222988783787142, 'learning_rate': 0.0011447343136423021, 'weight_decay': 0.0001277741057395943, 'batch_size': 32, 'use_batch_norm': False, 'activation': 'gelu', 'task_weight_sample_type': 0.7662990774974408, 'task_weight_community': 1.125311480858778, 'task_weight_host': 1.2871047401942937, 'task_weight_material': 1.7687794344371093}. Best is trial 14 with value: 0.943984725829731.
[I 2025-12-23 14:02:32,806] Trial 29 finished with value: 0.9425794406326748 and parameters: {'n_layers': 2, 'hidden_dim_0': 192, 'hidden_dim_1': 384, 'dropout': 0.1561388631253, 'learning_rate': 0.0031477464029908025, 'weight_decay': 1.6828983867631645e-06, 'batch_size': 32, 'use_batch_norm': False, 'activation': 'leaky_relu', 'task_weight_sample_type': 0.5996312197021271, 'task_weight_community': 1.5093624688848661, 'task_weight_host': 1.1085778351499884, 'task_weight_material': 1.632742690211727}. Best is trial 14 with value: 0.943984725829731.
[I 2025-12-23 14:02:35,088] Trial 30 finished with value: 0.9421555879742276 and parameters: {'n_layers': 2, 'hidden_dim_0': 128, 'hidden_dim_1': 512, 'dropout': 0.14192527436725785, 'learning_rate': 0.0014740418623795865, 'weight_decay': 1.8565685323424255e-06, 'batch_size': 32, 'use_batch_norm': False, 'activation': 'leaky_relu', 'task_weight_sample_type': 0.6105415345023303, 'task_weight_community': 1.5258412005734932, 'task_weight_host': 1.088461754900527, 'task_weight_material': 1.9063888155281519}. Best is trial 14 with value: 0.943984725829731.
[I 2025-12-23 14:02:37,373] Trial 31 finished with value: 0.94579210709518 and parameters: {'n_layers': 2, 'hidden_dim_0': 128, 'hidden_dim_1': 512, 'dropout': 0.1368378301743689, 'learning_rate': 0.001557510451225711, 'weight_decay': 1.071950955981047e-06, 'batch_size': 32, 'use_batch_norm': False, 'activation': 'leaky_relu', 'task_weight_sample_type': 0.5775049452838339, 'task_weight_community': 1.5217806682207542, 'task_weight_host': 1.0697065695993662, 'task_weight_material': 1.8805989195738815}. Best is trial 31 with value: 0.94579210709518.
[I 2025-12-23 14:02:37,821] Trial 32 pruned. 
[I 2025-12-23 14:02:38,372] Trial 33 pruned. 
[I 2025-12-23 14:02:38,913] Trial 34 pruned. 
[I 2025-12-23 14:02:39,658] Trial 35 pruned. 
[I 2025-12-23 14:02:40,110] Trial 36 pruned. 
[I 2025-12-23 14:02:40,492] Trial 37 pruned. 
[I 2025-12-23 14:02:41,037] Trial 38 pruned. 
[I 2025-12-23 14:02:41,492] Trial 39 pruned. 
[I 2025-12-23 14:02:41,868] Trial 40 pruned. 
[I 2025-12-23 14:02:43,999] Trial 41 pruned. 
[I 2025-12-23 14:02:45,147] Trial 42 pruned. 
[I 2025-12-23 14:02:46,646] Trial 43 pruned. 
[I 2025-12-23 14:02:47,281] Trial 44 pruned. 
[I 2025-12-23 14:02:48,071] Trial 45 pruned. 
[I 2025-12-23 14:02:48,471] Trial 46 pruned. 
[I 2025-12-23 14:02:49,172] Trial 47 pruned. 
/pasteur/appa/scratch/cduitama/EDID/decOM-classify/src/diana/utils/checkpointing.py:239: FutureWarning: You are using `torch.load` with `weights_only=False` (the current default value), which uses the default pickle module implicitly. It is possible to construct malicious pickle data which will execute arbitrary code during unpickling (See https://github.com/pytorch/pytorch/blob/main/SECURITY.md#untrusted-models for more details). In a future release, the default value for `weights_only` will be flipped to `True`. This limits the functions that could be executed during unpickling. Arbitrary objects will no longer be allowed to be loaded via this mode unless they are explicitly allowlisted by the user via `torch.serialization.add_safe_globals`. We recommend you start setting `weights_only=True` for any use case where you don't have full control of the loaded file. Please open an issue on GitHub for any issues related to this experimental feature.
  checkpoint = torch.load(checkpoint_path, map_location='cpu')
