/pasteur/appa/homes/cduitama/miniconda3/lib/python3.9/site-packages/conda_package_streaming/package_streaming.py:25: UserWarning: zstandard could not be imported. Running without .conda support.
  warnings.warn("zstandard could not be imported. Running without .conda support.")
/pasteur/appa/homes/cduitama/miniconda3/lib/python3.9/site-packages/conda_package_handling/api.py:29: UserWarning: Install zstandard Python bindings for .conda support
  _warnings.warn("Install zstandard Python bindings for .conda support")
/pasteur/appa/homes/cduitama/miniconda3/lib/python3.9/site-packages/conda_package_streaming/package_streaming.py:25: UserWarning: zstandard could not be imported. Running without .conda support.
  warnings.warn("zstandard could not be imported. Running without .conda support.")
/pasteur/appa/homes/cduitama/miniconda3/lib/python3.9/site-packages/conda_package_handling/api.py:29: UserWarning: Install zstandard Python bindings for .conda support
  _warnings.warn("Install zstandard Python bindings for .conda support")
[I 2025-12-24 22:34:09,131] A new study created in memory with name: no-name-73b863e9-c9a8-429e-b917-46fd9023dc70
[I 2025-12-24 22:34:17,957] Trial 0 finished with value: 0.8225730802935876 and parameters: {'n_layers': 3, 'hidden_dim_0': 512, 'hidden_dim_1': 384, 'hidden_dim_2': 320, 'dropout': 0.1624074561769746, 'learning_rate': 2.9375384576328295e-05, 'weight_decay': 1.493656855461763e-06, 'batch_size': 32, 'use_batch_norm': True, 'activation': 'relu', 'task_weight_sample_type': 0.9563633644393066, 'task_weight_community': 1.2871346474483567, 'task_weight_host': 1.1479175279631737, 'task_weight_material': 0.9368437102970628}. Best is trial 0 with value: 0.8225730802935876.
[I 2025-12-24 22:34:20,005] Trial 1 finished with value: 0.8396456394258884 and parameters: {'n_layers': 3, 'hidden_dim_0': 128, 'hidden_dim_1': 192, 'hidden_dim_2': 192, 'dropout': 0.28242799368681437, 'learning_rate': 0.0022673986523780395, 'weight_decay': 3.972110727381911e-06, 'batch_size': 256, 'use_batch_norm': True, 'activation': 'gelu', 'task_weight_sample_type': 0.9569206537600561, 'task_weight_community': 0.6465081710095758, 'task_weight_host': 1.5263495397682354, 'task_weight_material': 1.1602287406094018}. Best is trial 1 with value: 0.8396456394258884.
[I 2025-12-24 22:34:23,261] Trial 2 finished with value: 0.5189295801306388 and parameters: {'n_layers': 2, 'hidden_dim_0': 256, 'hidden_dim_1': 64, 'dropout': 0.4637281608315128, 'learning_rate': 5.9750279999602906e-05, 'weight_decay': 9.717775305059631e-05, 'batch_size': 128, 'use_batch_norm': True, 'activation': 'relu', 'task_weight_sample_type': 1.8828113525346752, 'task_weight_community': 0.6327387530778792, 'task_weight_host': 0.7939742936287177, 'task_weight_material': 0.5678409333658071}. Best is trial 1 with value: 0.8396456394258884.
[I 2025-12-24 22:34:26,558] Trial 3 finished with value: 0.7389758805579838 and parameters: {'n_layers': 2, 'hidden_dim_0': 256, 'hidden_dim_1': 192, 'dropout': 0.43149500366077176, 'learning_rate': 0.00011756010900231849, 'weight_decay': 6.963114377829292e-06, 'batch_size': 128, 'use_batch_norm': True, 'activation': 'leaky_relu', 'task_weight_sample_type': 1.5602860157714256, 'task_weight_community': 1.5935107520614809, 'task_weight_host': 1.6569055200289187, 'task_weight_material': 0.6110669776011355}. Best is trial 1 with value: 0.8396456394258884.
[I 2025-12-24 22:34:28,075] Trial 4 finished with value: 0.6405675753168116 and parameters: {'n_layers': 3, 'hidden_dim_0': 64, 'hidden_dim_1': 448, 'hidden_dim_2': 320, 'dropout': 0.23235920994105969, 'learning_rate': 1.551225912648474e-05, 'weight_decay': 8.569331925053988e-06, 'batch_size': 256, 'use_batch_norm': True, 'activation': 'gelu', 'task_weight_sample_type': 1.6564507699318414, 'task_weight_community': 1.2406933945465861, 'task_weight_host': 1.284099244072991, 'task_weight_material': 1.1413115275378245}. Best is trial 1 with value: 0.8396456394258884.
[I 2025-12-24 22:34:28,415] Trial 5 pruned. 
[I 2025-12-24 22:34:34,413] Trial 6 finished with value: 0.810323633851772 and parameters: {'n_layers': 2, 'hidden_dim_0': 512, 'hidden_dim_1': 320, 'dropout': 0.422976062065625, 'learning_rate': 0.004878360603452143, 'weight_decay': 8.995191735587168e-06, 'batch_size': 256, 'use_batch_norm': True, 'activation': 'relu', 'task_weight_sample_type': 0.6797980510005242, 'task_weight_community': 1.006422757105442, 'task_weight_host': 1.9143645558687787, 'task_weight_material': 0.9848043980311328}. Best is trial 1 with value: 0.8396456394258884.
[I 2025-12-24 22:34:35,118] Trial 7 pruned. 
[I 2025-12-24 22:34:40,499] Trial 8 finished with value: 0.9270264243447787 and parameters: {'n_layers': 4, 'hidden_dim_0': 448, 'hidden_dim_1': 128, 'hidden_dim_2': 384, 'hidden_dim_3': 192, 'dropout': 0.35292233223743186, 'learning_rate': 0.0007954064937683932, 'weight_decay': 4.0487788181534125e-05, 'batch_size': 64, 'use_batch_norm': False, 'activation': 'relu', 'task_weight_sample_type': 0.8397436627969069, 'task_weight_community': 1.4677591856141747, 'task_weight_host': 0.7615496435074871, 'task_weight_material': 1.5364066071536988}. Best is trial 8 with value: 0.9270264243447787.
[I 2025-12-24 22:34:44,099] Trial 9 pruned. 
[I 2025-12-24 22:34:48,844] Trial 10 finished with value: 0.930763721816894 and parameters: {'n_layers': 4, 'hidden_dim_0': 384, 'hidden_dim_1': 512, 'hidden_dim_2': 512, 'hidden_dim_3': 192, 'dropout': 0.33833649429828905, 'learning_rate': 0.0006642394805177933, 'weight_decay': 0.0006392120575100211, 'batch_size': 64, 'use_batch_norm': False, 'activation': 'relu', 'task_weight_sample_type': 1.1599238067924236, 'task_weight_community': 1.8734569561683112, 'task_weight_host': 0.5832307225848317, 'task_weight_material': 1.984668281505232}. Best is trial 10 with value: 0.930763721816894.
[I 2025-12-24 22:34:53,588] Trial 11 finished with value: 0.9307747855472527 and parameters: {'n_layers': 4, 'hidden_dim_0': 384, 'hidden_dim_1': 512, 'hidden_dim_2': 512, 'hidden_dim_3': 192, 'dropout': 0.35406145696680863, 'learning_rate': 0.0008078972480842522, 'weight_decay': 0.0009662781058778639, 'batch_size': 64, 'use_batch_norm': False, 'activation': 'relu', 'task_weight_sample_type': 1.171475080826344, 'task_weight_community': 1.9940247976211534, 'task_weight_host': 0.5729809358696776, 'task_weight_material': 1.9789909276021307}. Best is trial 11 with value: 0.9307747855472527.
[I 2025-12-24 22:34:58,373] Trial 12 finished with value: 0.9233609414032364 and parameters: {'n_layers': 4, 'hidden_dim_0': 384, 'hidden_dim_1': 512, 'hidden_dim_2': 512, 'hidden_dim_3': 192, 'dropout': 0.35786947410723424, 'learning_rate': 0.00045375485881915913, 'weight_decay': 0.0007870708682262809, 'batch_size': 64, 'use_batch_norm': False, 'activation': 'relu', 'task_weight_sample_type': 1.1613860902386222, 'task_weight_community': 1.9741462394111569, 'task_weight_host': 0.6101018432789657, 'task_weight_material': 1.9309884339694807}. Best is trial 11 with value: 0.9307747855472527.
[I 2025-12-24 22:35:02,470] Trial 13 finished with value: 0.9322675782066221 and parameters: {'n_layers': 4, 'hidden_dim_0': 320, 'hidden_dim_1': 512, 'hidden_dim_2': 448, 'hidden_dim_3': 128, 'dropout': 0.28366880731885524, 'learning_rate': 0.000996114925810871, 'weight_decay': 0.00024519167346631957, 'batch_size': 64, 'use_batch_norm': False, 'activation': 'relu', 'task_weight_sample_type': 1.2270736599860135, 'task_weight_community': 1.9694697495218434, 'task_weight_host': 0.5049903237154302, 'task_weight_material': 1.9740104498552276}. Best is trial 13 with value: 0.9322675782066221.
[I 2025-12-24 22:35:06,626] Trial 14 finished with value: 0.9389560772875332 and parameters: {'n_layers': 4, 'hidden_dim_0': 320, 'hidden_dim_1': 384, 'hidden_dim_2': 64, 'hidden_dim_3': 448, 'dropout': 0.23678913387917822, 'learning_rate': 0.0016408086017344113, 'weight_decay': 0.0002389835408874046, 'batch_size': 64, 'use_batch_norm': False, 'activation': 'relu', 'task_weight_sample_type': 1.3179234340924344, 'task_weight_community': 1.7923052215132989, 'task_weight_host': 0.896105549693555, 'task_weight_material': 1.7851448231820508}. Best is trial 14 with value: 0.9389560772875332.
[I 2025-12-24 22:35:09,499] Trial 15 finished with value: 0.9417673482530362 and parameters: {'n_layers': 4, 'hidden_dim_0': 192, 'hidden_dim_1': 384, 'hidden_dim_2': 64, 'hidden_dim_3': 512, 'dropout': 0.21725872696780052, 'learning_rate': 0.001879967342455123, 'weight_decay': 0.00018557037713170843, 'batch_size': 64, 'use_batch_norm': False, 'activation': 'relu', 'task_weight_sample_type': 1.3523150393086414, 'task_weight_community': 1.7243268506038374, 'task_weight_host': 0.9233750456717024, 'task_weight_material': 1.7469501619651224}. Best is trial 15 with value: 0.9417673482530362.
[I 2025-12-24 22:35:12,229] Trial 16 pruned. 
[I 2025-12-24 22:35:13,257] Trial 17 pruned. 
[I 2025-12-24 22:35:16,011] Trial 18 pruned. 
[I 2025-12-24 22:35:20,015] Trial 19 pruned. 
[I 2025-12-24 22:35:20,499] Trial 20 pruned. 
[I 2025-12-24 22:35:22,717] Trial 21 pruned. 
[I 2025-12-24 22:35:26,135] Trial 22 finished with value: 0.9253474627488603 and parameters: {'n_layers': 4, 'hidden_dim_0': 256, 'hidden_dim_1': 320, 'hidden_dim_2': 64, 'hidden_dim_3': 448, 'dropout': 0.2681059008449694, 'learning_rate': 0.0013455644291255286, 'weight_decay': 0.000148430984086986, 'batch_size': 64, 'use_batch_norm': False, 'activation': 'relu', 'task_weight_sample_type': 1.5308450852860884, 'task_weight_community': 1.8775895395960298, 'task_weight_host': 0.8749484346250018, 'task_weight_material': 1.6190984222959648}. Best is trial 15 with value: 0.9417673482530362.
[I 2025-12-24 22:35:30,145] Trial 23 finished with value: 0.9180222258453269 and parameters: {'n_layers': 4, 'hidden_dim_0': 320, 'hidden_dim_1': 448, 'hidden_dim_2': 128, 'hidden_dim_3': 320, 'dropout': 0.2069697447032006, 'learning_rate': 0.0037390208707118247, 'weight_decay': 0.0004536871469584846, 'batch_size': 64, 'use_batch_norm': False, 'activation': 'relu', 'task_weight_sample_type': 1.2609867123588439, 'task_weight_community': 1.839096262521043, 'task_weight_host': 1.089648844424628, 'task_weight_material': 1.8317123605347148}. Best is trial 15 with value: 0.9417673482530362.
[I 2025-12-24 22:35:30,939] Trial 24 pruned. 
[I 2025-12-24 22:35:34,437] Trial 25 pruned. 
[I 2025-12-24 22:35:37,736] Trial 26 pruned. 
[I 2025-12-24 22:35:38,321] Trial 27 pruned. 
[I 2025-12-24 22:35:41,144] Trial 28 finished with value: 0.9275201326503935 and parameters: {'n_layers': 3, 'hidden_dim_0': 192, 'hidden_dim_1': 384, 'hidden_dim_2': 384, 'dropout': 0.2526021522536083, 'learning_rate': 0.001535156773877284, 'weight_decay': 0.0004803299983330435, 'batch_size': 128, 'use_batch_norm': False, 'activation': 'leaky_relu', 'task_weight_sample_type': 1.4365107733176514, 'task_weight_community': 1.794068198048426, 'task_weight_host': 1.2086022269463466, 'task_weight_material': 1.2982129407382583}. Best is trial 15 with value: 0.9417673482530362.
[I 2025-12-24 22:35:45,671] Trial 29 pruned. 
[I 2025-12-24 22:35:48,978] Trial 30 finished with value: 0.9293009140913405 and parameters: {'n_layers': 3, 'hidden_dim_0': 256, 'hidden_dim_1': 384, 'hidden_dim_2': 64, 'dropout': 0.13133764950841886, 'learning_rate': 0.000985276286590024, 'weight_decay': 6.98823667584598e-05, 'batch_size': 64, 'use_batch_norm': False, 'activation': 'relu', 'task_weight_sample_type': 0.8695160329591739, 'task_weight_community': 1.6698389740356112, 'task_weight_host': 0.8774968012718275, 'task_weight_material': 1.8928966183395362}. Best is trial 15 with value: 0.9417673482530362.
[I 2025-12-24 22:35:50,126] Trial 31 pruned. 
[I 2025-12-24 22:35:53,585] Trial 32 pruned. 
[I 2025-12-24 22:35:54,311] Trial 33 pruned. 
[I 2025-12-24 22:35:55,330] Trial 34 pruned. 
[I 2025-12-24 22:35:55,910] Trial 35 pruned. 
[I 2025-12-24 22:35:57,089] Trial 36 pruned. 
[I 2025-12-24 22:35:57,918] Trial 37 pruned. 
[I 2025-12-24 22:35:58,437] Trial 38 pruned. 
[I 2025-12-24 22:35:59,270] Trial 39 pruned. 
[I 2025-12-24 22:35:59,977] Trial 40 pruned. 
[I 2025-12-24 22:36:00,702] Trial 41 pruned. 
[I 2025-12-24 22:36:01,867] Trial 42 pruned. 
[I 2025-12-24 22:36:02,614] Trial 43 pruned. 
[I 2025-12-24 22:36:03,547] Trial 44 pruned. 
[I 2025-12-24 22:36:05,586] Trial 45 pruned. 
[I 2025-12-24 22:36:09,753] Trial 46 finished with value: 0.9402814932494635 and parameters: {'n_layers': 2, 'hidden_dim_0': 320, 'hidden_dim_1': 512, 'dropout': 0.2777458087894739, 'learning_rate': 0.0016646097878477084, 'weight_decay': 0.0001738282012180609, 'batch_size': 256, 'use_batch_norm': False, 'activation': 'leaky_relu', 'task_weight_sample_type': 1.1895920978546446, 'task_weight_community': 0.8411822652006129, 'task_weight_host': 1.0432564649944773, 'task_weight_material': 1.7334499585794687}. Best is trial 15 with value: 0.9417673482530362.
[I 2025-12-24 22:36:10,496] Trial 47 pruned. 
/pasteur/appa/scratch/cduitama/EDID/decOM-classify/src/diana/utils/checkpointing.py:239: FutureWarning: You are using `torch.load` with `weights_only=False` (the current default value), which uses the default pickle module implicitly. It is possible to construct malicious pickle data which will execute arbitrary code during unpickling (See https://github.com/pytorch/pytorch/blob/main/SECURITY.md#untrusted-models for more details). In a future release, the default value for `weights_only` will be flipped to `True`. This limits the functions that could be executed during unpickling. Arbitrary objects will no longer be allowed to be loaded via this mode unless they are explicitly allowlisted by the user via `torch.serialization.add_safe_globals`. We recommend you start setting `weights_only=True` for any use case where you don't have full control of the loaded file. Please open an issue on GitHub for any issues related to this experimental feature.
  checkpoint = torch.load(checkpoint_path, map_location='cpu')
/pasteur/appa/scratch/cduitama/EDID/decOM-classify/env/lib/python3.10/site-packages/sklearn/metrics/_classification.py:2801: UserWarning: y_pred contains classes not in y_true
  warnings.warn("y_pred contains classes not in y_true")
