[I 2025-12-23 13:59:53,663] A new study created in memory with name: no-name-3fba3be1-cf54-4399-bd2b-59f818f61c4a
[I 2025-12-23 13:59:59,307] Trial 0 finished with value: 0.8525994154943444 and parameters: {'n_layers': 3, 'hidden_dim_0': 512, 'hidden_dim_1': 384, 'hidden_dim_2': 320, 'dropout': 0.1624074561769746, 'learning_rate': 2.9375384576328295e-05, 'weight_decay': 1.493656855461763e-06, 'batch_size': 32, 'use_batch_norm': True, 'activation': 'relu', 'task_weight_sample_type': 0.9563633644393066, 'task_weight_community': 1.2871346474483567, 'task_weight_host': 1.1479175279631737, 'task_weight_material': 0.9368437102970628}. Best is trial 0 with value: 0.8525994154943444.
[I 2025-12-23 14:00:00,603] Trial 1 finished with value: 0.8417693100213013 and parameters: {'n_layers': 3, 'hidden_dim_0': 128, 'hidden_dim_1': 192, 'hidden_dim_2': 192, 'dropout': 0.28242799368681437, 'learning_rate': 0.0022673986523780395, 'weight_decay': 3.972110727381911e-06, 'batch_size': 256, 'use_batch_norm': True, 'activation': 'gelu', 'task_weight_sample_type': 0.9569206537600561, 'task_weight_community': 0.6465081710095758, 'task_weight_host': 1.5263495397682354, 'task_weight_material': 1.1602287406094018}. Best is trial 0 with value: 0.8525994154943444.
[I 2025-12-23 14:00:02,807] Trial 2 finished with value: 0.5664489787983122 and parameters: {'n_layers': 2, 'hidden_dim_0': 256, 'hidden_dim_1': 64, 'dropout': 0.4637281608315128, 'learning_rate': 5.9750279999602906e-05, 'weight_decay': 9.717775305059631e-05, 'batch_size': 128, 'use_batch_norm': True, 'activation': 'relu', 'task_weight_sample_type': 1.8828113525346752, 'task_weight_community': 0.6327387530778792, 'task_weight_host': 0.7939742936287177, 'task_weight_material': 0.5678409333658071}. Best is trial 0 with value: 0.8525994154943444.
[I 2025-12-23 14:00:05,034] Trial 3 finished with value: 0.7386014320637148 and parameters: {'n_layers': 2, 'hidden_dim_0': 256, 'hidden_dim_1': 192, 'dropout': 0.43149500366077176, 'learning_rate': 0.00011756010900231849, 'weight_decay': 6.963114377829292e-06, 'batch_size': 128, 'use_batch_norm': True, 'activation': 'leaky_relu', 'task_weight_sample_type': 1.5602860157714256, 'task_weight_community': 1.5935107520614809, 'task_weight_host': 1.6569055200289187, 'task_weight_material': 0.6110669776011355}. Best is trial 0 with value: 0.8525994154943444.
[I 2025-12-23 14:00:06,070] Trial 4 finished with value: 0.6536129436704919 and parameters: {'n_layers': 3, 'hidden_dim_0': 64, 'hidden_dim_1': 448, 'hidden_dim_2': 320, 'dropout': 0.23235920994105969, 'learning_rate': 1.551225912648474e-05, 'weight_decay': 8.569331925053988e-06, 'batch_size': 256, 'use_batch_norm': True, 'activation': 'gelu', 'task_weight_sample_type': 1.6564507699318414, 'task_weight_community': 1.2406933945465861, 'task_weight_host': 1.284099244072991, 'task_weight_material': 1.1413115275378245}. Best is trial 0 with value: 0.8525994154943444.
[I 2025-12-23 14:00:06,290] Trial 5 pruned. 
[I 2025-12-23 14:00:10,234] Trial 6 finished with value: 0.8073655396847589 and parameters: {'n_layers': 2, 'hidden_dim_0': 512, 'hidden_dim_1': 320, 'dropout': 0.422976062065625, 'learning_rate': 0.004878360603452143, 'weight_decay': 8.995191735587168e-06, 'batch_size': 256, 'use_batch_norm': True, 'activation': 'relu', 'task_weight_sample_type': 0.6797980510005242, 'task_weight_community': 1.006422757105442, 'task_weight_host': 1.9143645558687787, 'task_weight_material': 0.9848043980311328}. Best is trial 0 with value: 0.8525994154943444.
[I 2025-12-23 14:00:10,703] Trial 7 pruned. 
[I 2025-12-23 14:00:14,455] Trial 8 finished with value: 0.9392202192695239 and parameters: {'n_layers': 4, 'hidden_dim_0': 448, 'hidden_dim_1': 128, 'hidden_dim_2': 384, 'hidden_dim_3': 192, 'dropout': 0.35292233223743186, 'learning_rate': 0.0007954064937683932, 'weight_decay': 4.0487788181534125e-05, 'batch_size': 64, 'use_batch_norm': False, 'activation': 'relu', 'task_weight_sample_type': 0.8397436627969069, 'task_weight_community': 1.4677591856141747, 'task_weight_host': 0.7615496435074871, 'task_weight_material': 1.5364066071536988}. Best is trial 8 with value: 0.9392202192695239.
[I 2025-12-23 14:00:14,984] Trial 9 pruned. 
[I 2025-12-23 14:00:15,443] Trial 10 pruned. 
[I 2025-12-23 14:00:19,181] Trial 11 finished with value: 0.9416664470993749 and parameters: {'n_layers': 4, 'hidden_dim_0': 448, 'hidden_dim_1': 320, 'hidden_dim_2': 384, 'hidden_dim_3': 64, 'dropout': 0.13337610307017456, 'learning_rate': 0.00038312163647116824, 'weight_decay': 2.065651013588807e-06, 'batch_size': 64, 'use_batch_norm': False, 'activation': 'relu', 'task_weight_sample_type': 0.9800889452555765, 'task_weight_community': 1.669029908583168, 'task_weight_host': 1.001433898695323, 'task_weight_material': 1.4460957826164256}. Best is trial 11 with value: 0.9416664470993749.
[I 2025-12-23 14:00:22,384] Trial 12 finished with value: 0.9424637444025609 and parameters: {'n_layers': 4, 'hidden_dim_0': 384, 'hidden_dim_1': 320, 'hidden_dim_2': 384, 'hidden_dim_3': 64, 'dropout': 0.22401489084224063, 'learning_rate': 0.0005858240467579341, 'weight_decay': 1.0916132587253654e-06, 'batch_size': 64, 'use_batch_norm': False, 'activation': 'relu', 'task_weight_sample_type': 0.5543565321798458, 'task_weight_community': 1.8552031781705227, 'task_weight_host': 0.8481242863592244, 'task_weight_material': 1.4514574203520914}. Best is trial 12 with value: 0.9424637444025609.
[I 2025-12-23 14:00:23,282] Trial 13 pruned. 
[I 2025-12-23 14:00:26,163] Trial 14 finished with value: 0.9437774431628015 and parameters: {'n_layers': 4, 'hidden_dim_0': 320, 'hidden_dim_1': 384, 'hidden_dim_2': 64, 'hidden_dim_3': 448, 'dropout': 0.109478164602333, 'learning_rate': 0.00029086811391367586, 'weight_decay': 2.4912735811874844e-06, 'batch_size': 64, 'use_batch_norm': False, 'activation': 'relu', 'task_weight_sample_type': 1.26207445368274, 'task_weight_community': 1.6883380636547693, 'task_weight_host': 1.2239739953765922, 'task_weight_material': 1.8985864726404376}. Best is trial 14 with value: 0.9437774431628015.
[I 2025-12-23 14:00:28,816] Trial 15 finished with value: 0.9473184330265764 and parameters: {'n_layers': 4, 'hidden_dim_0': 320, 'hidden_dim_1': 448, 'hidden_dim_2': 64, 'hidden_dim_3': 512, 'dropout': 0.1064203050709266, 'learning_rate': 0.0014553327577462988, 'weight_decay': 3.8184436490816014e-06, 'batch_size': 64, 'use_batch_norm': False, 'activation': 'relu', 'task_weight_sample_type': 1.295895353529038, 'task_weight_community': 1.7593297276439281, 'task_weight_host': 1.3734043158981437, 'task_weight_material': 1.9804134295497362}. Best is trial 15 with value: 0.9473184330265764.
[I 2025-12-23 14:00:30,566] Trial 16 finished with value: 0.9366421786713153 and parameters: {'n_layers': 4, 'hidden_dim_0': 192, 'hidden_dim_1': 512, 'hidden_dim_2': 64, 'hidden_dim_3': 512, 'dropout': 0.12630172760416286, 'learning_rate': 0.0016758385726331295, 'weight_decay': 3.1965685078791997e-06, 'batch_size': 64, 'use_batch_norm': False, 'activation': 'relu', 'task_weight_sample_type': 1.205419059617128, 'task_weight_community': 1.7058523719142262, 'task_weight_host': 1.378188455941361, 'task_weight_material': 1.9852165557235077}. Best is trial 15 with value: 0.9473184330265764.
[I 2025-12-23 14:00:31,838] Trial 17 pruned. 
[I 2025-12-23 14:00:34,523] Trial 18 finished with value: 0.9311578518331476 and parameters: {'n_layers': 4, 'hidden_dim_0': 320, 'hidden_dim_1': 448, 'hidden_dim_2': 128, 'hidden_dim_3': 384, 'dropout': 0.11195852738951706, 'learning_rate': 0.0012950926971895635, 'weight_decay': 0.00011601693769534029, 'batch_size': 64, 'use_batch_norm': False, 'activation': 'leaky_relu', 'task_weight_sample_type': 1.3237844734580926, 'task_weight_community': 1.5178331697523735, 'task_weight_host': 1.1963431581872674, 'task_weight_material': 1.8319322390205937}. Best is trial 15 with value: 0.9473184330265764.
[I 2025-12-23 14:00:35,889] Trial 19 pruned. 
[I 2025-12-23 14:00:36,365] Trial 20 pruned. 
[I 2025-12-23 14:00:38,015] Trial 21 pruned. 
[I 2025-12-23 14:00:41,260] Trial 22 finished with value: 0.9386992765080627 and parameters: {'n_layers': 4, 'hidden_dim_0': 384, 'hidden_dim_1': 384, 'hidden_dim_2': 448, 'hidden_dim_3': 320, 'dropout': 0.22281669774572732, 'learning_rate': 0.0010642069922086228, 'weight_decay': 2.3406044439173073e-06, 'batch_size': 64, 'use_batch_norm': False, 'activation': 'relu', 'task_weight_sample_type': 1.4805342509714048, 'task_weight_community': 1.8431876528677267, 'task_weight_host': 1.1083190681330268, 'task_weight_material': 1.6307578114756973}. Best is trial 15 with value: 0.9473184330265764.
[I 2025-12-23 14:00:42,951] Trial 23 pruned. 
[I 2025-12-23 14:00:44,417] Trial 24 pruned. 
[I 2025-12-23 14:00:44,910] Trial 25 pruned. 
[I 2025-12-23 14:00:46,109] Trial 26 pruned. 
[I 2025-12-23 14:00:48,432] Trial 27 finished with value: 0.9316601626518308 and parameters: {'n_layers': 4, 'hidden_dim_0': 256, 'hidden_dim_1': 384, 'hidden_dim_2': 128, 'hidden_dim_3': 256, 'dropout': 0.1991692984836636, 'learning_rate': 0.0010508699453144101, 'weight_decay': 1.3848108795799193e-05, 'batch_size': 32, 'use_batch_norm': False, 'activation': 'relu', 'task_weight_sample_type': 1.6042355582176477, 'task_weight_community': 1.7514305190298862, 'task_weight_host': 1.0644727718324147, 'task_weight_material': 1.6649377344505032}. Best is trial 15 with value: 0.9473184330265764.
[I 2025-12-23 14:00:49,743] Trial 28 pruned. 
[I 2025-12-23 14:00:50,690] Trial 29 pruned. 
[I 2025-12-23 14:00:51,107] Trial 30 pruned. 
[I 2025-12-23 14:00:51,608] Trial 31 pruned. 
[I 2025-12-23 14:00:55,365] Trial 32 finished with value: 0.9426782824190119 and parameters: {'n_layers': 4, 'hidden_dim_0': 448, 'hidden_dim_1': 320, 'hidden_dim_2': 384, 'hidden_dim_3': 128, 'dropout': 0.16325213982545256, 'learning_rate': 0.001751568524000596, 'weight_decay': 3.08359446267047e-06, 'batch_size': 64, 'use_batch_norm': False, 'activation': 'relu', 'task_weight_sample_type': 1.0747305256176638, 'task_weight_community': 1.7798626503558288, 'task_weight_host': 1.148708003478454, 'task_weight_material': 1.0932111481206543}. Best is trial 15 with value: 0.9473184330265764.
[I 2025-12-23 14:00:58,560] Trial 33 finished with value: 0.9393586891323074 and parameters: {'n_layers': 4, 'hidden_dim_0': 384, 'hidden_dim_1': 256, 'hidden_dim_2': 256, 'hidden_dim_3': 128, 'dropout': 0.17930886880001937, 'learning_rate': 0.0019640828124887154, 'weight_decay': 3.543640779189468e-06, 'batch_size': 64, 'use_batch_norm': False, 'activation': 'relu', 'task_weight_sample_type': 1.0553203122306902, 'task_weight_community': 0.7597194311595632, 'task_weight_host': 1.2305711295546067, 'task_weight_material': 1.1112423741509505}. Best is trial 15 with value: 0.9473184330265764.
[I 2025-12-23 14:01:02,546] Trial 34 finished with value: 0.9444333642527509 and parameters: {'n_layers': 4, 'hidden_dim_0': 512, 'hidden_dim_1': 384, 'hidden_dim_2': 320, 'hidden_dim_3': 128, 'dropout': 0.2864278872553498, 'learning_rate': 0.002826894041458097, 'weight_decay': 1.3247735227682014e-06, 'batch_size': 64, 'use_batch_norm': False, 'activation': 'relu', 'task_weight_sample_type': 0.862117092514423, 'task_weight_community': 1.7887034206847519, 'task_weight_host': 1.3410857840823394, 'task_weight_material': 0.9874368950433866}. Best is trial 15 with value: 0.9473184330265764.
[I 2025-12-23 14:01:03,073] Trial 35 pruned. 
[I 2025-12-23 14:01:03,596] Trial 36 pruned. 
[I 2025-12-23 14:01:03,891] Trial 37 pruned. 
[I 2025-12-23 14:01:07,891] Trial 38 finished with value: 0.9382485632599582 and parameters: {'n_layers': 4, 'hidden_dim_0': 512, 'hidden_dim_1': 512, 'hidden_dim_2': 256, 'hidden_dim_3': 128, 'dropout': 0.11774539860508085, 'learning_rate': 0.0012789444492669816, 'weight_decay': 5.291260295170429e-06, 'batch_size': 256, 'use_batch_norm': False, 'activation': 'leaky_relu', 'task_weight_sample_type': 1.5055796040357992, 'task_weight_community': 1.413183951805668, 'task_weight_host': 1.7181966806474414, 'task_weight_material': 1.081530544296589}. Best is trial 15 with value: 0.9473184330265764.
[I 2025-12-23 14:01:08,385] Trial 39 pruned. 
[I 2025-12-23 14:01:11,703] Trial 40 pruned. 
[I 2025-12-23 14:01:12,311] Trial 41 pruned. 
[I 2025-12-23 14:01:16,066] Trial 42 finished with value: 0.9377139995478908 and parameters: {'n_layers': 4, 'hidden_dim_0': 448, 'hidden_dim_1': 384, 'hidden_dim_2': 384, 'hidden_dim_3': 64, 'dropout': 0.15828155090659124, 'learning_rate': 0.0023192668605903793, 'weight_decay': 1.5275720411042163e-06, 'batch_size': 64, 'use_batch_norm': False, 'activation': 'relu', 'task_weight_sample_type': 0.5973380655913608, 'task_weight_community': 1.7993378374107962, 'task_weight_host': 1.3299904431084015, 'task_weight_material': 1.0609030227330172}. Best is trial 15 with value: 0.9473184330265764.
[I 2025-12-23 14:01:16,533] Trial 43 pruned. 
[I 2025-12-23 14:01:16,906] Trial 44 pruned. 
[I 2025-12-23 14:01:17,412] Trial 45 pruned. 
[I 2025-12-23 14:01:20,272] Trial 46 finished with value: 0.9428065320344685 and parameters: {'n_layers': 2, 'hidden_dim_0': 320, 'hidden_dim_1': 384, 'dropout': 0.1459411314646878, 'learning_rate': 0.0014726564128724588, 'weight_decay': 2.620970925203063e-06, 'batch_size': 256, 'use_batch_norm': False, 'activation': 'leaky_relu', 'task_weight_sample_type': 1.2123663527297306, 'task_weight_community': 0.7990543286649788, 'task_weight_host': 1.3978106690569516, 'task_weight_material': 0.9293538154598503}. Best is trial 15 with value: 0.9473184330265764.
[I 2025-12-23 14:01:20,756] Trial 47 pruned. 
/pasteur/appa/scratch/cduitama/EDID/decOM-classify/src/diana/utils/checkpointing.py:239: FutureWarning: You are using `torch.load` with `weights_only=False` (the current default value), which uses the default pickle module implicitly. It is possible to construct malicious pickle data which will execute arbitrary code during unpickling (See https://github.com/pytorch/pytorch/blob/main/SECURITY.md#untrusted-models for more details). In a future release, the default value for `weights_only` will be flipped to `True`. This limits the functions that could be executed during unpickling. Arbitrary objects will no longer be allowed to be loaded via this mode unless they are explicitly allowlisted by the user via `torch.serialization.add_safe_globals`. We recommend you start setting `weights_only=True` for any use case where you don't have full control of the loaded file. Please open an issue on GitHub for any issues related to this experimental feature.
  checkpoint = torch.load(checkpoint_path, map_location='cpu')
