/pasteur/appa/homes/cduitama/miniconda3/lib/python3.9/site-packages/conda_package_streaming/package_streaming.py:25: UserWarning: zstandard could not be imported. Running without .conda support.
  warnings.warn("zstandard could not be imported. Running without .conda support.")
/pasteur/appa/homes/cduitama/miniconda3/lib/python3.9/site-packages/conda_package_handling/api.py:29: UserWarning: Install zstandard Python bindings for .conda support
  _warnings.warn("Install zstandard Python bindings for .conda support")
/pasteur/appa/homes/cduitama/miniconda3/lib/python3.9/site-packages/conda_package_streaming/package_streaming.py:25: UserWarning: zstandard could not be imported. Running without .conda support.
  warnings.warn("zstandard could not be imported. Running without .conda support.")
/pasteur/appa/homes/cduitama/miniconda3/lib/python3.9/site-packages/conda_package_handling/api.py:29: UserWarning: Install zstandard Python bindings for .conda support
  _warnings.warn("Install zstandard Python bindings for .conda support")
[I 2025-12-24 22:34:07,892] A new study created in memory with name: no-name-b73761a5-5c1b-4a12-91be-fd48c06cc118
[I 2025-12-24 22:34:16,759] Trial 0 finished with value: 0.8111334202353029 and parameters: {'n_layers': 3, 'hidden_dim_0': 512, 'hidden_dim_1': 384, 'hidden_dim_2': 320, 'dropout': 0.1624074561769746, 'learning_rate': 2.9375384576328295e-05, 'weight_decay': 1.493656855461763e-06, 'batch_size': 32, 'use_batch_norm': True, 'activation': 'relu', 'task_weight_sample_type': 0.9563633644393066, 'task_weight_community': 1.2871346474483567, 'task_weight_host': 1.1479175279631737, 'task_weight_material': 0.9368437102970628}. Best is trial 0 with value: 0.8111334202353029.
[I 2025-12-24 22:34:18,779] Trial 1 finished with value: 0.8385606887197654 and parameters: {'n_layers': 3, 'hidden_dim_0': 128, 'hidden_dim_1': 192, 'hidden_dim_2': 192, 'dropout': 0.28242799368681437, 'learning_rate': 0.0022673986523780395, 'weight_decay': 3.972110727381911e-06, 'batch_size': 256, 'use_batch_norm': True, 'activation': 'gelu', 'task_weight_sample_type': 0.9569206537600561, 'task_weight_community': 0.6465081710095758, 'task_weight_host': 1.5263495397682354, 'task_weight_material': 1.1602287406094018}. Best is trial 1 with value: 0.8385606887197654.
[I 2025-12-24 22:34:22,006] Trial 2 finished with value: 0.5018716875686078 and parameters: {'n_layers': 2, 'hidden_dim_0': 256, 'hidden_dim_1': 64, 'dropout': 0.4637281608315128, 'learning_rate': 5.9750279999602906e-05, 'weight_decay': 9.717775305059631e-05, 'batch_size': 128, 'use_batch_norm': True, 'activation': 'relu', 'task_weight_sample_type': 1.8828113525346752, 'task_weight_community': 0.6327387530778792, 'task_weight_host': 0.7939742936287177, 'task_weight_material': 0.5678409333658071}. Best is trial 1 with value: 0.8385606887197654.
[I 2025-12-24 22:34:25,263] Trial 3 finished with value: 0.7198803461660683 and parameters: {'n_layers': 2, 'hidden_dim_0': 256, 'hidden_dim_1': 192, 'dropout': 0.43149500366077176, 'learning_rate': 0.00011756010900231849, 'weight_decay': 6.963114377829292e-06, 'batch_size': 128, 'use_batch_norm': True, 'activation': 'leaky_relu', 'task_weight_sample_type': 1.5602860157714256, 'task_weight_community': 1.5935107520614809, 'task_weight_host': 1.6569055200289187, 'task_weight_material': 0.6110669776011355}. Best is trial 1 with value: 0.8385606887197654.
[I 2025-12-24 22:34:26,759] Trial 4 finished with value: 0.6142171230331707 and parameters: {'n_layers': 3, 'hidden_dim_0': 64, 'hidden_dim_1': 448, 'hidden_dim_2': 320, 'dropout': 0.23235920994105969, 'learning_rate': 1.551225912648474e-05, 'weight_decay': 8.569331925053988e-06, 'batch_size': 256, 'use_batch_norm': True, 'activation': 'gelu', 'task_weight_sample_type': 1.6564507699318414, 'task_weight_community': 1.2406933945465861, 'task_weight_host': 1.284099244072991, 'task_weight_material': 1.1413115275378245}. Best is trial 1 with value: 0.8385606887197654.
[I 2025-12-24 22:34:27,084] Trial 5 pruned. 
[I 2025-12-24 22:34:33,033] Trial 6 finished with value: 0.7767084234072663 and parameters: {'n_layers': 2, 'hidden_dim_0': 512, 'hidden_dim_1': 320, 'dropout': 0.422976062065625, 'learning_rate': 0.004878360603452143, 'weight_decay': 8.995191735587168e-06, 'batch_size': 256, 'use_batch_norm': True, 'activation': 'relu', 'task_weight_sample_type': 0.6797980510005242, 'task_weight_community': 1.006422757105442, 'task_weight_host': 1.9143645558687787, 'task_weight_material': 0.9848043980311328}. Best is trial 1 with value: 0.8385606887197654.
[I 2025-12-24 22:34:33,729] Trial 7 pruned. 
[I 2025-12-24 22:34:39,060] Trial 8 finished with value: 0.9234315363546232 and parameters: {'n_layers': 4, 'hidden_dim_0': 448, 'hidden_dim_1': 128, 'hidden_dim_2': 384, 'hidden_dim_3': 192, 'dropout': 0.35292233223743186, 'learning_rate': 0.0007954064937683932, 'weight_decay': 4.0487788181534125e-05, 'batch_size': 64, 'use_batch_norm': False, 'activation': 'relu', 'task_weight_sample_type': 0.8397436627969069, 'task_weight_community': 1.4677591856141747, 'task_weight_host': 0.7615496435074871, 'task_weight_material': 1.5364066071536988}. Best is trial 8 with value: 0.9234315363546232.
[I 2025-12-24 22:34:39,891] Trial 9 pruned. 
[I 2025-12-24 22:34:44,586] Trial 10 finished with value: 0.9224602958273527 and parameters: {'n_layers': 4, 'hidden_dim_0': 384, 'hidden_dim_1': 512, 'hidden_dim_2': 512, 'hidden_dim_3': 192, 'dropout': 0.33833649429828905, 'learning_rate': 0.0006642394805177933, 'weight_decay': 0.0006392120575100211, 'batch_size': 64, 'use_batch_norm': False, 'activation': 'relu', 'task_weight_sample_type': 1.1599238067924236, 'task_weight_community': 1.8734569561683112, 'task_weight_host': 0.5832307225848317, 'task_weight_material': 1.984668281505232}. Best is trial 8 with value: 0.9234315363546232.
[I 2025-12-24 22:34:45,291] Trial 11 pruned. 
[I 2025-12-24 22:34:46,102] Trial 12 pruned. 
[I 2025-12-24 22:34:50,145] Trial 13 finished with value: 0.932778941676612 and parameters: {'n_layers': 4, 'hidden_dim_0': 320, 'hidden_dim_1': 512, 'hidden_dim_2': 384, 'hidden_dim_3': 128, 'dropout': 0.2798234200465132, 'learning_rate': 0.001505835895129926, 'weight_decay': 6.81677618519662e-05, 'batch_size': 64, 'use_batch_norm': False, 'activation': 'relu', 'task_weight_sample_type': 0.5056016197056301, 'task_weight_community': 1.7065384481268222, 'task_weight_host': 0.8825856038208442, 'task_weight_material': 1.93795942963341}. Best is trial 13 with value: 0.932778941676612.
[I 2025-12-24 22:34:54,253] Trial 14 finished with value: 0.933174111280221 and parameters: {'n_layers': 4, 'hidden_dim_0': 320, 'hidden_dim_1': 256, 'hidden_dim_2': 384, 'hidden_dim_3': 448, 'dropout': 0.2336373347831663, 'learning_rate': 0.0016996070760352023, 'weight_decay': 4.147805056867e-05, 'batch_size': 64, 'use_batch_norm': False, 'activation': 'relu', 'task_weight_sample_type': 0.5253796809518263, 'task_weight_community': 1.5948542608558807, 'task_weight_host': 0.896105549693555, 'task_weight_material': 1.3916322136533692}. Best is trial 14 with value: 0.933174111280221.
[I 2025-12-24 22:34:57,033] Trial 15 finished with value: 0.9381506862431691 and parameters: {'n_layers': 4, 'hidden_dim_0': 192, 'hidden_dim_1': 384, 'hidden_dim_2': 64, 'hidden_dim_3': 512, 'dropout': 0.2248047359952134, 'learning_rate': 0.0020431618690932175, 'weight_decay': 8.696235166403594e-05, 'batch_size': 64, 'use_batch_norm': False, 'activation': 'relu', 'task_weight_sample_type': 0.506133761544448, 'task_weight_community': 1.6884500677723586, 'task_weight_host': 0.9594420841063155, 'task_weight_material': 1.8023405063695566}. Best is trial 15 with value: 0.9381506862431691.
[I 2025-12-24 22:34:57,839] Trial 16 pruned. 
[I 2025-12-24 22:35:00,339] Trial 17 pruned. 
[I 2025-12-24 22:35:03,126] Trial 18 finished with value: 0.929437958563224 and parameters: {'n_layers': 4, 'hidden_dim_0': 192, 'hidden_dim_1': 384, 'hidden_dim_2': 192, 'hidden_dim_3': 384, 'dropout': 0.18185819854928198, 'learning_rate': 0.002651681589240529, 'weight_decay': 0.0001229384560450148, 'batch_size': 64, 'use_batch_norm': False, 'activation': 'leaky_relu', 'task_weight_sample_type': 0.9297461722217351, 'task_weight_community': 1.4927085435799192, 'task_weight_host': 1.0848884574807136, 'task_weight_material': 1.3048979554136237}. Best is trial 15 with value: 0.9381506862431691.
[I 2025-12-24 22:35:04,225] Trial 19 pruned. 
[I 2025-12-24 22:35:06,235] Trial 20 finished with value: 0.9279487892563802 and parameters: {'n_layers': 3, 'hidden_dim_0': 128, 'hidden_dim_1': 448, 'hidden_dim_2': 128, 'dropout': 0.24907071123008628, 'learning_rate': 0.0013715996018432792, 'weight_decay': 6.299644012696205e-05, 'batch_size': 64, 'use_batch_norm': False, 'activation': 'relu', 'task_weight_sample_type': 0.5791880106332723, 'task_weight_community': 1.6305427862310826, 'task_weight_host': 1.1682752051417542, 'task_weight_material': 1.7799259203612225}. Best is trial 15 with value: 0.9381506862431691.
[I 2025-12-24 22:35:07,227] Trial 21 pruned. 
[I 2025-12-24 22:35:08,626] Trial 22 pruned. 
[I 2025-12-24 22:35:12,751] Trial 23 finished with value: 0.9274233344476492 and parameters: {'n_layers': 4, 'hidden_dim_0': 320, 'hidden_dim_1': 512, 'hidden_dim_2': 448, 'hidden_dim_3': 320, 'dropout': 0.30112983947004557, 'learning_rate': 0.0015628052105874102, 'weight_decay': 5.5663624981359605e-05, 'batch_size': 64, 'use_batch_norm': False, 'activation': 'relu', 'task_weight_sample_type': 0.7971998545147858, 'task_weight_community': 1.3810160226949324, 'task_weight_host': 0.9212029286946966, 'task_weight_material': 1.6326989851352913}. Best is trial 15 with value: 0.9381506862431691.
[I 2025-12-24 22:35:13,304] Trial 24 pruned. 
[I 2025-12-24 22:35:13,943] Trial 25 pruned. 
[I 2025-12-24 22:35:14,731] Trial 26 pruned. 
[I 2025-12-24 22:35:15,665] Trial 27 pruned. 
[I 2025-12-24 22:35:16,337] Trial 28 pruned. 
[I 2025-12-24 22:35:21,822] Trial 29 finished with value: 0.9251525947690191 and parameters: {'n_layers': 4, 'hidden_dim_0': 448, 'hidden_dim_1': 384, 'hidden_dim_2': 256, 'hidden_dim_3': 320, 'dropout': 0.163937847244439, 'learning_rate': 0.0010499939727643428, 'weight_decay': 2.4477326515546218e-06, 'batch_size': 32, 'use_batch_norm': False, 'activation': 'gelu', 'task_weight_sample_type': 1.0452963517101563, 'task_weight_community': 1.355096635010952, 'task_weight_host': 1.1247313466976514, 'task_weight_material': 0.9189012162220261}. Best is trial 15 with value: 0.9381506862431691.
[I 2025-12-24 22:35:25,182] Trial 30 finished with value: 0.9267225572038755 and parameters: {'n_layers': 3, 'hidden_dim_0': 256, 'hidden_dim_1': 448, 'hidden_dim_2': 448, 'dropout': 0.39544958879290526, 'learning_rate': 0.0017820130811764777, 'weight_decay': 1.4277670715678552e-05, 'batch_size': 64, 'use_batch_norm': False, 'activation': 'relu', 'task_weight_sample_type': 0.6029771005973207, 'task_weight_community': 1.7267478978487263, 'task_weight_host': 0.6964736896112628, 'task_weight_material': 1.0533203577715127}. Best is trial 15 with value: 0.9381506862431691.
[I 2025-12-24 22:35:27,643] Trial 31 finished with value: 0.928112425668835 and parameters: {'n_layers': 4, 'hidden_dim_0': 192, 'hidden_dim_1': 384, 'hidden_dim_2': 128, 'hidden_dim_3': 384, 'dropout': 0.18406547739300638, 'learning_rate': 0.0026386502765037762, 'weight_decay': 0.00011905823592170817, 'batch_size': 64, 'use_batch_norm': False, 'activation': 'leaky_relu', 'task_weight_sample_type': 0.9208409895456996, 'task_weight_community': 1.496917365492889, 'task_weight_host': 1.070525748628786, 'task_weight_material': 1.3287702618660937}. Best is trial 15 with value: 0.9381506862431691.
[I 2025-12-24 22:35:28,138] Trial 32 pruned. 
[I 2025-12-24 22:35:30,225] Trial 33 finished with value: 0.9303054395745081 and parameters: {'n_layers': 4, 'hidden_dim_0': 128, 'hidden_dim_1': 320, 'hidden_dim_2': 64, 'hidden_dim_3': 384, 'dropout': 0.19980903201586805, 'learning_rate': 0.0026930311214932046, 'weight_decay': 0.00012648061524895115, 'batch_size': 64, 'use_batch_norm': False, 'activation': 'leaky_relu', 'task_weight_sample_type': 0.9603244325633034, 'task_weight_community': 0.7597194311595632, 'task_weight_host': 0.8348183450336878, 'task_weight_material': 1.4562824382525725}. Best is trial 15 with value: 0.9381506862431691.
[I 2025-12-24 22:35:30,645] Trial 34 pruned. 
[I 2025-12-24 22:35:31,000] Trial 35 pruned. 
[I 2025-12-24 22:35:31,562] Trial 36 pruned. 
[I 2025-12-24 22:35:31,981] Trial 37 pruned. 
[I 2025-12-24 22:35:32,368] Trial 38 pruned. 
[I 2025-12-24 22:35:33,010] Trial 39 pruned. 
[I 2025-12-24 22:35:36,331] Trial 40 finished with value: 0.9316342326936518 and parameters: {'n_layers': 3, 'hidden_dim_0': 256, 'hidden_dim_1': 128, 'hidden_dim_2': 320, 'dropout': 0.28589431810084787, 'learning_rate': 0.0014105391894373976, 'weight_decay': 8.550328848212038e-05, 'batch_size': 32, 'use_batch_norm': False, 'activation': 'gelu', 'task_weight_sample_type': 0.6799865889871344, 'task_weight_community': 1.6681240224276899, 'task_weight_host': 0.7852970027589653, 'task_weight_material': 1.644955130604166}. Best is trial 15 with value: 0.9381506862431691.
[I 2025-12-24 22:35:39,570] Trial 41 finished with value: 0.9384830416931974 and parameters: {'n_layers': 2, 'hidden_dim_0': 256, 'hidden_dim_1': 128, 'dropout': 0.2778082891183702, 'learning_rate': 0.0023455431406880656, 'weight_decay': 9.122167925738677e-05, 'batch_size': 32, 'use_batch_norm': False, 'activation': 'gelu', 'task_weight_sample_type': 0.6745353114943687, 'task_weight_community': 1.692288252929955, 'task_weight_host': 0.8118545435158848, 'task_weight_material': 1.6325857715764185}. Best is trial 41 with value: 0.9384830416931974.
[I 2025-12-24 22:35:40,414] Trial 42 pruned. 
[I 2025-12-24 22:35:41,045] Trial 43 pruned. 
[I 2025-12-24 22:35:41,603] Trial 44 pruned. 
[I 2025-12-24 22:35:42,307] Trial 45 pruned. 
[I 2025-12-24 22:35:42,942] Trial 46 pruned. 
[I 2025-12-24 22:35:43,496] Trial 47 pruned. 
/pasteur/appa/scratch/cduitama/EDID/decOM-classify/src/diana/utils/checkpointing.py:239: FutureWarning: You are using `torch.load` with `weights_only=False` (the current default value), which uses the default pickle module implicitly. It is possible to construct malicious pickle data which will execute arbitrary code during unpickling (See https://github.com/pytorch/pytorch/blob/main/SECURITY.md#untrusted-models for more details). In a future release, the default value for `weights_only` will be flipped to `True`. This limits the functions that could be executed during unpickling. Arbitrary objects will no longer be allowed to be loaded via this mode unless they are explicitly allowlisted by the user via `torch.serialization.add_safe_globals`. We recommend you start setting `weights_only=True` for any use case where you don't have full control of the loaded file. Please open an issue on GitHub for any issues related to this experimental feature.
  checkpoint = torch.load(checkpoint_path, map_location='cpu')
/pasteur/appa/scratch/cduitama/EDID/decOM-classify/env/lib/python3.10/site-packages/sklearn/metrics/_classification.py:2801: UserWarning: y_pred contains classes not in y_true
  warnings.warn("y_pred contains classes not in y_true")
/pasteur/appa/scratch/cduitama/EDID/decOM-classify/env/lib/python3.10/site-packages/sklearn/metrics/_classification.py:2801: UserWarning: y_pred contains classes not in y_true
  warnings.warn("y_pred contains classes not in y_true")
