/pasteur/appa/homes/cduitama/miniconda3/lib/python3.9/site-packages/conda_package_streaming/package_streaming.py:25: UserWarning: zstandard could not be imported. Running without .conda support.
  warnings.warn("zstandard could not be imported. Running without .conda support.")
/pasteur/appa/homes/cduitama/miniconda3/lib/python3.9/site-packages/conda_package_handling/api.py:29: UserWarning: Install zstandard Python bindings for .conda support
  _warnings.warn("Install zstandard Python bindings for .conda support")
/pasteur/appa/homes/cduitama/miniconda3/lib/python3.9/site-packages/conda_package_streaming/package_streaming.py:25: UserWarning: zstandard could not be imported. Running without .conda support.
  warnings.warn("zstandard could not be imported. Running without .conda support.")
/pasteur/appa/homes/cduitama/miniconda3/lib/python3.9/site-packages/conda_package_handling/api.py:29: UserWarning: Install zstandard Python bindings for .conda support
  _warnings.warn("Install zstandard Python bindings for .conda support")
[I 2025-12-24 22:33:07,058] A new study created in memory with name: no-name-ee922d52-c320-467b-a00a-b36be2bd4267
[I 2025-12-24 22:33:13,383] Trial 0 finished with value: 0.836310187321764 and parameters: {'n_layers': 3, 'hidden_dim_0': 512, 'hidden_dim_1': 384, 'hidden_dim_2': 320, 'dropout': 0.1624074561769746, 'learning_rate': 2.9375384576328295e-05, 'weight_decay': 1.493656855461763e-06, 'batch_size': 32, 'use_batch_norm': True, 'activation': 'relu', 'task_weight_sample_type': 0.9563633644393066, 'task_weight_community': 1.2871346474483567, 'task_weight_host': 1.1479175279631737, 'task_weight_material': 0.9368437102970628}. Best is trial 0 with value: 0.836310187321764.
[I 2025-12-24 22:33:14,507] Trial 1 finished with value: 0.8651855116994002 and parameters: {'n_layers': 3, 'hidden_dim_0': 128, 'hidden_dim_1': 192, 'hidden_dim_2': 192, 'dropout': 0.28242799368681437, 'learning_rate': 0.0022673986523780395, 'weight_decay': 3.972110727381911e-06, 'batch_size': 256, 'use_batch_norm': True, 'activation': 'gelu', 'task_weight_sample_type': 0.9569206537600561, 'task_weight_community': 0.6465081710095758, 'task_weight_host': 1.5263495397682354, 'task_weight_material': 1.1602287406094018}. Best is trial 1 with value: 0.8651855116994002.
[I 2025-12-24 22:33:16,429] Trial 2 finished with value: 0.5643900404702334 and parameters: {'n_layers': 2, 'hidden_dim_0': 256, 'hidden_dim_1': 64, 'dropout': 0.4637281608315128, 'learning_rate': 5.9750279999602906e-05, 'weight_decay': 9.717775305059631e-05, 'batch_size': 128, 'use_batch_norm': True, 'activation': 'relu', 'task_weight_sample_type': 1.8828113525346752, 'task_weight_community': 0.6327387530778792, 'task_weight_host': 0.7939742936287177, 'task_weight_material': 0.5678409333658071}. Best is trial 1 with value: 0.8651855116994002.
[I 2025-12-24 22:33:18,373] Trial 3 finished with value: 0.7295716632679272 and parameters: {'n_layers': 2, 'hidden_dim_0': 256, 'hidden_dim_1': 192, 'dropout': 0.43149500366077176, 'learning_rate': 0.00011756010900231849, 'weight_decay': 6.963114377829292e-06, 'batch_size': 128, 'use_batch_norm': True, 'activation': 'leaky_relu', 'task_weight_sample_type': 1.5602860157714256, 'task_weight_community': 1.5935107520614809, 'task_weight_host': 1.6569055200289187, 'task_weight_material': 0.6110669776011355}. Best is trial 1 with value: 0.8651855116994002.
[I 2025-12-24 22:33:19,261] Trial 4 finished with value: 0.6434505932242993 and parameters: {'n_layers': 3, 'hidden_dim_0': 64, 'hidden_dim_1': 448, 'hidden_dim_2': 320, 'dropout': 0.23235920994105969, 'learning_rate': 1.551225912648474e-05, 'weight_decay': 8.569331925053988e-06, 'batch_size': 256, 'use_batch_norm': True, 'activation': 'gelu', 'task_weight_sample_type': 1.6564507699318414, 'task_weight_community': 1.2406933945465861, 'task_weight_host': 1.284099244072991, 'task_weight_material': 1.1413115275378245}. Best is trial 1 with value: 0.8651855116994002.
[I 2025-12-24 22:33:19,427] Trial 5 pruned. 
[I 2025-12-24 22:33:23,029] Trial 6 finished with value: 0.8096635944865198 and parameters: {'n_layers': 2, 'hidden_dim_0': 512, 'hidden_dim_1': 320, 'dropout': 0.422976062065625, 'learning_rate': 0.004878360603452143, 'weight_decay': 8.995191735587168e-06, 'batch_size': 256, 'use_batch_norm': True, 'activation': 'relu', 'task_weight_sample_type': 0.6797980510005242, 'task_weight_community': 1.006422757105442, 'task_weight_host': 1.9143645558687787, 'task_weight_material': 0.9848043980311328}. Best is trial 1 with value: 0.8651855116994002.
[I 2025-12-24 22:33:23,400] Trial 7 pruned. 
[I 2025-12-24 22:33:26,708] Trial 8 finished with value: 0.9319090412745776 and parameters: {'n_layers': 4, 'hidden_dim_0': 448, 'hidden_dim_1': 128, 'hidden_dim_2': 384, 'hidden_dim_3': 192, 'dropout': 0.35292233223743186, 'learning_rate': 0.0007954064937683932, 'weight_decay': 4.0487788181534125e-05, 'batch_size': 64, 'use_batch_norm': False, 'activation': 'relu', 'task_weight_sample_type': 0.8397436627969069, 'task_weight_community': 1.4677591856141747, 'task_weight_host': 0.7615496435074871, 'task_weight_material': 1.5364066071536988}. Best is trial 8 with value: 0.9319090412745776.
[I 2025-12-24 22:33:28,856] Trial 9 pruned. 
[I 2025-12-24 22:33:31,738] Trial 10 finished with value: 0.9285851425794766 and parameters: {'n_layers': 4, 'hidden_dim_0': 384, 'hidden_dim_1': 512, 'hidden_dim_2': 512, 'hidden_dim_3': 192, 'dropout': 0.33833649429828905, 'learning_rate': 0.0006642394805177933, 'weight_decay': 0.0006392120575100211, 'batch_size': 64, 'use_batch_norm': False, 'activation': 'relu', 'task_weight_sample_type': 1.1599238067924236, 'task_weight_community': 1.8734569561683112, 'task_weight_host': 0.5832307225848317, 'task_weight_material': 1.984668281505232}. Best is trial 8 with value: 0.9319090412745776.
[I 2025-12-24 22:33:32,116] Trial 11 pruned. 
[I 2025-12-24 22:33:32,494] Trial 12 pruned. 
[I 2025-12-24 22:33:35,003] Trial 13 finished with value: 0.9291158554704229 and parameters: {'n_layers': 4, 'hidden_dim_0': 320, 'hidden_dim_1': 512, 'hidden_dim_2': 384, 'hidden_dim_3': 128, 'dropout': 0.2798234200465132, 'learning_rate': 0.001505835895129926, 'weight_decay': 6.816776185196632e-05, 'batch_size': 64, 'use_batch_norm': False, 'activation': 'relu', 'task_weight_sample_type': 0.5056016197056301, 'task_weight_community': 1.7065384481268222, 'task_weight_host': 0.8825856038208442, 'task_weight_material': 1.93795942963341}. Best is trial 8 with value: 0.9319090412745776.
[I 2025-12-24 22:33:37,533] Trial 14 finished with value: 0.9341231646897455 and parameters: {'n_layers': 4, 'hidden_dim_0': 320, 'hidden_dim_1': 256, 'hidden_dim_2': 384, 'hidden_dim_3': 448, 'dropout': 0.2336373347831663, 'learning_rate': 0.0016996070760352023, 'weight_decay': 4.147805056867e-05, 'batch_size': 64, 'use_batch_norm': False, 'activation': 'relu', 'task_weight_sample_type': 0.5253796809518263, 'task_weight_community': 1.5948542608558807, 'task_weight_host': 0.896105549693555, 'task_weight_material': 1.3916322136533692}. Best is trial 14 with value: 0.9341231646897455.
[I 2025-12-24 22:33:39,169] Trial 15 finished with value: 0.9145104434727106 and parameters: {'n_layers': 4, 'hidden_dim_0': 192, 'hidden_dim_1': 256, 'hidden_dim_2': 64, 'hidden_dim_3': 512, 'dropout': 0.2248047359952134, 'learning_rate': 0.0001989836467832609, 'weight_decay': 2.5016522110530803e-05, 'batch_size': 64, 'use_batch_norm': False, 'activation': 'relu', 'task_weight_sample_type': 0.5146210660725277, 'task_weight_community': 1.598934472398255, 'task_weight_host': 0.8345747104070896, 'task_weight_material': 1.4477745299819356}. Best is trial 14 with value: 0.9341231646897455.
[I 2025-12-24 22:33:42,529] Trial 16 finished with value: 0.9232867870300634 and parameters: {'n_layers': 4, 'hidden_dim_0': 448, 'hidden_dim_1': 256, 'hidden_dim_2': 384, 'hidden_dim_3': 448, 'dropout': 0.21496268680508931, 'learning_rate': 0.0019633703409912663, 'weight_decay': 0.00013562180553472805, 'batch_size': 64, 'use_batch_norm': False, 'activation': 'relu', 'task_weight_sample_type': 0.833487554125578, 'task_weight_community': 1.4126438387606504, 'task_weight_host': 1.3560027841273075, 'task_weight_material': 1.3954620798785018}. Best is trial 14 with value: 0.9341231646897455.
[I 2025-12-24 22:33:43,393] Trial 17 pruned. 
[I 2025-12-24 22:33:43,815] Trial 18 pruned. 
[I 2025-12-24 22:33:45,435] Trial 19 finished with value: 0.9238348024996348 and parameters: {'n_layers': 4, 'hidden_dim_0': 192, 'hidden_dim_1': 384, 'hidden_dim_2': 448, 'hidden_dim_3': 64, 'dropout': 0.10078757524359372, 'learning_rate': 0.000949723547349054, 'weight_decay': 5.9047553905415335e-05, 'batch_size': 32, 'use_batch_norm': False, 'activation': 'gelu', 'task_weight_sample_type': 1.3678746625673583, 'task_weight_community': 1.4639571441103616, 'task_weight_host': 0.9764349278126481, 'task_weight_material': 1.729099218201599}. Best is trial 14 with value: 0.9341231646897455.
[I 2025-12-24 22:33:48,725] Trial 20 finished with value: 0.9309565483187685 and parameters: {'n_layers': 3, 'hidden_dim_0': 448, 'hidden_dim_1': 256, 'hidden_dim_2': 256, 'dropout': 0.2630444580351116, 'learning_rate': 0.002980706834999091, 'weight_decay': 2.281549356462277e-06, 'batch_size': 64, 'use_batch_norm': False, 'activation': 'relu', 'task_weight_sample_type': 0.8345495446661936, 'task_weight_community': 1.7082903338376958, 'task_weight_host': 0.6948631768686475, 'task_weight_material': 1.2301953249317814}. Best is trial 14 with value: 0.9341231646897455.
[I 2025-12-24 22:33:52,009] Trial 21 finished with value: 0.9238296019363926 and parameters: {'n_layers': 3, 'hidden_dim_0': 448, 'hidden_dim_1': 256, 'hidden_dim_2': 256, 'dropout': 0.2549928671566246, 'learning_rate': 0.0028050769361372707, 'weight_decay': 1.5422248416612094e-06, 'batch_size': 64, 'use_batch_norm': False, 'activation': 'relu', 'task_weight_sample_type': 0.8358650017579936, 'task_weight_community': 1.7494348625935863, 'task_weight_host': 0.698954296561676, 'task_weight_material': 1.2221265822173566}. Best is trial 14 with value: 0.9341231646897455.
[I 2025-12-24 22:33:55,303] Trial 22 finished with value: 0.9287117709257129 and parameters: {'n_layers': 3, 'hidden_dim_0': 448, 'hidden_dim_1': 320, 'hidden_dim_2': 192, 'dropout': 0.3107888528960781, 'learning_rate': 0.004122457292366162, 'weight_decay': 3.9034188504180355e-06, 'batch_size': 64, 'use_batch_norm': False, 'activation': 'relu', 'task_weight_sample_type': 0.5913963102000325, 'task_weight_community': 1.5643185990065793, 'task_weight_host': 1.1431661810865203, 'task_weight_material': 1.3871941192970945}. Best is trial 14 with value: 0.9341231646897455.
[I 2025-12-24 22:33:55,641] Trial 23 pruned. 
[I 2025-12-24 22:33:57,332] Trial 24 pruned. 
[I 2025-12-24 22:33:57,847] Trial 25 pruned. 
[I 2025-12-24 22:33:59,821] Trial 26 pruned. 
[I 2025-12-24 22:34:00,113] Trial 27 pruned. 
[I 2025-12-24 22:34:00,802] Trial 28 pruned. 
[I 2025-12-24 22:34:04,124] Trial 29 finished with value: 0.9295002484328777 and parameters: {'n_layers': 2, 'hidden_dim_0': 448, 'hidden_dim_1': 320, 'dropout': 0.24915891345270338, 'learning_rate': 0.0006232058437236543, 'weight_decay': 1.115656941046168e-06, 'batch_size': 32, 'use_batch_norm': False, 'activation': 'leaky_relu', 'task_weight_sample_type': 0.9110868112529915, 'task_weight_community': 1.4741690721028289, 'task_weight_host': 1.450531828196012, 'task_weight_material': 1.504244735733983}. Best is trial 14 with value: 0.9341231646897455.
[I 2025-12-24 22:34:06,232] Trial 30 pruned. 
[I 2025-12-24 22:34:09,565] Trial 31 finished with value: 0.9282120794426942 and parameters: {'n_layers': 2, 'hidden_dim_0': 448, 'hidden_dim_1': 320, 'dropout': 0.2557449119339384, 'learning_rate': 0.00060420942514887, 'weight_decay': 1.1107371622359894e-06, 'batch_size': 32, 'use_batch_norm': False, 'activation': 'leaky_relu', 'task_weight_sample_type': 0.9131253973297005, 'task_weight_community': 1.4894226240042172, 'task_weight_host': 1.4330819088085496, 'task_weight_material': 1.4616576166167845}. Best is trial 14 with value: 0.9341231646897455.
[I 2025-12-24 22:34:13,219] Trial 32 finished with value: 0.9434320984550958 and parameters: {'n_layers': 2, 'hidden_dim_0': 512, 'hidden_dim_1': 448, 'dropout': 0.19479661262792564, 'learning_rate': 0.003552162295662611, 'weight_decay': 2.1246306951078375e-06, 'batch_size': 32, 'use_batch_norm': False, 'activation': 'leaky_relu', 'task_weight_sample_type': 1.059814180398653, 'task_weight_community': 1.6716120719095584, 'task_weight_host': 1.2551235593921972, 'task_weight_material': 1.5038784901995035}. Best is trial 32 with value: 0.9434320984550958.
[I 2025-12-24 22:34:16,860] Trial 33 finished with value: 0.9447875280461131 and parameters: {'n_layers': 2, 'hidden_dim_0': 512, 'hidden_dim_1': 448, 'dropout': 0.1926858172729265, 'learning_rate': 0.002829937615863923, 'weight_decay': 2.1574855581682093e-06, 'batch_size': 32, 'use_batch_norm': False, 'activation': 'leaky_relu', 'task_weight_sample_type': 1.0067824214197878, 'task_weight_community': 1.7092933337816272, 'task_weight_host': 1.265491688331461, 'task_weight_material': 1.1542175709362719}. Best is trial 33 with value: 0.9447875280461131.
[I 2025-12-24 22:34:17,400] Trial 34 pruned. 
[I 2025-12-24 22:34:21,052] Trial 35 finished with value: 0.9488869043048012 and parameters: {'n_layers': 2, 'hidden_dim_0': 512, 'hidden_dim_1': 448, 'dropout': 0.1836918227179471, 'learning_rate': 0.0020506878309751223, 'weight_decay': 2.9495055005274973e-06, 'batch_size': 32, 'use_batch_norm': False, 'activation': 'leaky_relu', 'task_weight_sample_type': 1.0760210507326133, 'task_weight_community': 1.6800680836486888, 'task_weight_host': 1.5979462770487858, 'task_weight_material': 1.6621512437796313}. Best is trial 35 with value: 0.9488869043048012.
[I 2025-12-24 22:34:21,306] Trial 36 pruned. 
[I 2025-12-24 22:34:21,542] Trial 37 pruned. 
[I 2025-12-24 22:34:22,000] Trial 38 pruned. 
[I 2025-12-24 22:34:22,543] Trial 39 pruned. 
[I 2025-12-24 22:34:26,200] Trial 40 finished with value: 0.9452691754726488 and parameters: {'n_layers': 2, 'hidden_dim_0': 512, 'hidden_dim_1': 512, 'dropout': 0.1358252013862717, 'learning_rate': 0.0024137683528418405, 'weight_decay': 9.396611364680768e-06, 'batch_size': 256, 'use_batch_norm': False, 'activation': 'leaky_relu', 'task_weight_sample_type': 1.101879168710185, 'task_weight_community': 1.9110996048375626, 'task_weight_host': 1.352635481012415, 'task_weight_material': 1.3316270602188758}. Best is trial 35 with value: 0.9488869043048012.
[I 2025-12-24 22:34:29,859] Trial 41 finished with value: 0.944469995722829 and parameters: {'n_layers': 2, 'hidden_dim_0': 512, 'hidden_dim_1': 512, 'dropout': 0.1279108375469743, 'learning_rate': 0.002525611043746586, 'weight_decay': 1.0199439173891167e-05, 'batch_size': 256, 'use_batch_norm': False, 'activation': 'leaky_relu', 'task_weight_sample_type': 1.1006008975562998, 'task_weight_community': 1.9248484789562623, 'task_weight_host': 1.3078418806228784, 'task_weight_material': 1.1631885273051374}. Best is trial 35 with value: 0.9488869043048012.
[I 2025-12-24 22:34:30,401] Trial 42 pruned. 
[I 2025-12-24 22:34:30,948] Trial 43 pruned. 
[I 2025-12-24 22:34:31,407] Trial 44 pruned. 
[I 2025-12-24 22:34:35,071] Trial 45 finished with value: 0.9430160510322667 and parameters: {'n_layers': 2, 'hidden_dim_0': 512, 'hidden_dim_1': 512, 'dropout': 0.10369764861381013, 'learning_rate': 0.0011439504159991864, 'weight_decay': 8.10427973253684e-06, 'batch_size': 256, 'use_batch_norm': False, 'activation': 'leaky_relu', 'task_weight_sample_type': 1.2131671469261447, 'task_weight_community': 1.9593634963877091, 'task_weight_host': 1.7643389739403712, 'task_weight_material': 1.3053205851099974}. Best is trial 35 with value: 0.9488869043048012.
[I 2025-12-24 22:34:38,459] Trial 46 finished with value: 0.9443575887885808 and parameters: {'n_layers': 2, 'hidden_dim_0': 512, 'hidden_dim_1': 448, 'dropout': 0.16176924116412983, 'learning_rate': 0.002446173287647052, 'weight_decay': 1.6604646104762478e-06, 'batch_size': 256, 'use_batch_norm': False, 'activation': 'leaky_relu', 'task_weight_sample_type': 0.9826397535244986, 'task_weight_community': 1.849446892832878, 'task_weight_host': 1.2128756348070577, 'task_weight_material': 1.0029391463375061}. Best is trial 35 with value: 0.9488869043048012.
[I 2025-12-24 22:34:38,884] Trial 47 pruned. 
/pasteur/appa/scratch/cduitama/EDID/decOM-classify/src/diana/utils/checkpointing.py:239: FutureWarning: You are using `torch.load` with `weights_only=False` (the current default value), which uses the default pickle module implicitly. It is possible to construct malicious pickle data which will execute arbitrary code during unpickling (See https://github.com/pytorch/pytorch/blob/main/SECURITY.md#untrusted-models for more details). In a future release, the default value for `weights_only` will be flipped to `True`. This limits the functions that could be executed during unpickling. Arbitrary objects will no longer be allowed to be loaded via this mode unless they are explicitly allowlisted by the user via `torch.serialization.add_safe_globals`. We recommend you start setting `weights_only=True` for any use case where you don't have full control of the loaded file. Please open an issue on GitHub for any issues related to this experimental feature.
  checkpoint = torch.load(checkpoint_path, map_location='cpu')
