==========================================
DIANA Final Training Job
==========================================
Job ID: 61298442
Node: maestro-3018
Start time: Wed Dec 24 22:50:15 CET 2025

Initializing mamba...
Using mamba
Loading configuration from: results/training/final_training_config.json

Configuration:
  Features: data/matrices/large_matrix_3070_with_frac/unitigs.frac.mat
  Metadata: data/splits/train_metadata.tsv
  Output: results/training
  Hyperparameters: {"model_params": {"hidden_dims": [307, 358, 224], "dropout": 0.24008941768262765, "activation": "relu", "use_batch_norm": false}, "trainer_params": {"learning_rate": 0.0018070735350860004, "weight_decay": 0.00013646152308693173, "task_weights": {"sample_type": 1.2191664079885853, "community_type": 1.5572400633917634, "sample_host": 1.336836008310497, "material": 1.581606959759543}}, "batch_size": 90}


GPU Information:
name, memory.total [MiB], memory.free [MiB]
NVIDIA L40S, 46068 MiB, 45485 MiB

==========================================
Starting final model training...
==========================================


Epoch 10/200
Train Loss: 1.2468, Val Loss: 1.4077
  sample_type: Train Acc=0.9783, Val Acc=0.9808
  community_type: Train Acc=0.9348, Val Acc=0.8966
  sample_host: Train Acc=0.9429, Val Acc=0.9234
  material: Train Acc=0.8978, Val Acc=0.8659

Epoch 20/200
Train Loss: 0.9499, Val Loss: 1.0871
  sample_type: Train Acc=0.9800, Val Acc=0.9885
  community_type: Train Acc=0.9532, Val Acc=0.8966
  sample_host: Train Acc=0.9561, Val Acc=0.9502
  material: Train Acc=0.9336, Val Acc=0.8966

Epoch 30/200
Train Loss: 0.6541, Val Loss: 1.1614
  sample_type: Train Acc=0.9774, Val Acc=0.9847
  community_type: Train Acc=0.9570, Val Acc=0.9080
  sample_host: Train Acc=0.9634, Val Acc=0.9579
  material: Train Acc=0.9497, Val Acc=0.8736

Early stopping at epoch 37
Best validation loss: 1.0116

Loaded best model from epoch 17

==========================================
Job completed successfully!
End time: Wed Dec 24 22:52:37 CET 2025
==========================================
