2025-12-23 13:58:00 - root - INFO - Logging to file: results/full_training/diana_train.log
2025-12-23 13:58:00 - diana.cli.train - INFO - Using CPU
2025-12-23 13:58:00 - diana.cli.train - INFO - Starting hyperparameter optimization...
2025-12-23 13:58:00 - diana.cli.train - INFO -   Folds: 5, Trials: 50, Max Epochs: 200
2025-12-23 13:58:00 - diana.cli.train - INFO - Submitting SLURM array job...
2025-12-23 13:58:00 - diana.cli.train - INFO - Saved SLURM run config to results/full_training/cv_results/slurm_run_config.json
2025-12-23 13:58:00 - diana.cli.train - INFO - Submitted SLURM job: 61010480
2025-12-23 13:58:00 - diana.cli.train - INFO - Monitor with: squeue -j 61010480
2025-12-23 13:58:00 - diana.cli.train - INFO - Check logs in: results/logs
2025-12-23 13:58:00 - diana.cli.train - INFO - 
2025-12-23 13:58:00 - diana.cli.train - INFO - After job completion, run:
2025-12-23 13:58:00 - diana.cli.train - INFO -   diana-train multitask --output results/full_training --mode train
2025-12-23 13:58:00 - diana.cli.train - INFO - 
2025-12-23 13:58:00 - diana.cli.train - INFO - To check job status: sacct -j 61010480 --format=JobID,State,ExitCode,Elapsed
2025-12-23 13:58:00 - diana.cli.train - INFO - ==================================================
2025-12-23 13:58:00 - diana.cli.train - INFO - SLURM job submitted successfully
2025-12-23 13:58:00 - diana.cli.train - INFO - ==================================================
2025-12-23 13:58:00 - diana.cli.train - INFO - The pipeline will exit now. Jobs are running on SLURM.
2025-12-23 13:58:00 - diana.cli.train - INFO - After jobs complete, continue with:
2025-12-23 13:58:00 - diana.cli.train - INFO -   diana-train multitask --config configs/full_training.yaml --output results/full_training --mode train
2025-12-23 15:58:16 - root - INFO - Logging to file: results/full_training/diana_train.log
2025-12-23 15:58:16 - diana.cli.train - INFO - Using CPU
2025-12-23 15:58:16 - diana.cli.train - INFO - ==================================================
2025-12-23 15:58:16 - diana.cli.train - INFO - Training final model with validation-based early stopping
2025-12-23 15:58:16 - diana.cli.train - INFO - ==================================================
2025-12-23 16:07:52 - root - INFO - Logging to file: results/full_training/diana_train.log
2025-12-23 16:07:52 - diana.cli.train - INFO - Using CPU
2025-12-23 16:07:52 - diana.cli.train - INFO - ==================================================
2025-12-23 16:07:52 - diana.cli.train - INFO - Training final model with validation-based early stopping
2025-12-23 16:07:52 - diana.cli.train - INFO - ==================================================
2025-12-23 16:07:52 - diana.cli.train - INFO - best_hyperparameters.json not found, aggregating CV results...
2025-12-23 16:07:52 - diana.cli.train - INFO - Aggregating cross-validation results...
2025-12-23 16:07:52 - diana.cli.train - INFO - Saved aggregated results to results/full_training/cv_results/aggregated_results.json
2025-12-23 16:07:52 - diana.cli.train - INFO - Saved best hyperparameters to results/full_training/cv_results/best_hyperparameters.json
2025-12-23 16:07:52 - diana.cli.train - INFO - Hyperparameters: {}
2025-12-23 16:07:52 - diana.cli.train - INFO - Submitting SLURM job for final training...
2025-12-23 16:07:52 - diana.cli.train - INFO - Saved training config to results/full_training/final_training_config.json
2025-12-23 16:09:39 - root - INFO - Logging to file: results/full_training/diana_train.log
2025-12-23 16:09:39 - diana.cli.train - INFO - Using CPU
2025-12-23 16:09:39 - diana.cli.train - INFO - ==================================================
2025-12-23 16:09:39 - diana.cli.train - INFO - Training final model with validation-based early stopping
2025-12-23 16:09:39 - diana.cli.train - INFO - ==================================================
2025-12-23 16:09:39 - diana.cli.train - INFO - Loading best hyperparameters from results/full_training/cv_results/best_hyperparameters.json
2025-12-23 16:09:39 - diana.cli.train - INFO - Hyperparameters: {}
2025-12-23 16:09:39 - diana.cli.train - INFO - Submitting SLURM job for final training...
2025-12-23 16:09:39 - diana.cli.train - INFO - Saved training config to results/full_training/final_training_config.json
2025-12-23 16:09:39 - diana.cli.train - INFO - Submitted SLURM job: 61063940
2025-12-23 16:09:39 - diana.cli.train - INFO - Monitor with: squeue -j 61063940
2025-12-23 16:09:39 - diana.cli.train - INFO - Check logs in: results/logs
2025-12-23 16:09:39 - diana.cli.train - INFO - Model will be saved to: results/full_training/best_model.pth
2025-12-23 16:09:39 - diana.cli.train - INFO - Pipeline complete!
2025-12-23 16:10:53 - root - INFO - Logging to file: results/full_training/diana_train.log
2025-12-23 16:10:53 - diana.cli.train - INFO - Using CPU
2025-12-23 16:10:53 - diana.cli.train - INFO - ==================================================
2025-12-23 16:10:53 - diana.cli.train - INFO - Training final model with validation-based early stopping
2025-12-23 16:10:53 - diana.cli.train - INFO - ==================================================
2025-12-23 16:10:53 - diana.cli.train - INFO - best_hyperparameters.json not found, aggregating CV results...
2025-12-23 16:10:53 - diana.cli.train - INFO - Aggregating cross-validation results...
2025-12-23 16:10:53 - diana.cli.train - INFO - Saved aggregated results to results/full_training/cv_results/aggregated_results.json
2025-12-23 16:10:53 - diana.cli.train - INFO - Saved best hyperparameters to results/full_training/cv_results/best_hyperparameters.json
2025-12-23 16:10:53 - diana.cli.train - INFO - Hyperparameters: {
  "n_layers": 3.4,
  "hidden_dim_0": 307.2,
  "hidden_dim_1": 473.6,
  "hidden_dim_2": 272.0,
  "hidden_dim_3": 256.0,
  "dropout": 0.1916894511329029,
  "learning_rate": 0.001723369322527049,
  "weight_decay": 3.75062679509968e-05,
  "batch_size": 96.0,
  "use_batch_norm": 0.0,
  "activation": "relu",
  "task_weight_sample_type": 0.9307526054899865,
  "task_weight_community": 1.6222031999590159,
  "task_weight_host": 1.1909289698749994,
  "task_weight_material": 1.8104588615959236
}
2025-12-23 16:10:53 - diana.cli.train - INFO - Submitting SLURM job for final training...
2025-12-23 16:10:53 - diana.cli.train - INFO - Saved training config to results/full_training/final_training_config.json
2025-12-23 16:10:53 - diana.cli.train - INFO - Submitted SLURM job: 61063946
2025-12-23 16:10:53 - diana.cli.train - INFO - Monitor with: squeue -j 61063946
2025-12-23 16:10:53 - diana.cli.train - INFO - Check logs in: results/logs
2025-12-23 16:10:53 - diana.cli.train - INFO - Model will be saved to: results/full_training/best_model.pth
2025-12-23 16:10:53 - diana.cli.train - INFO - Pipeline complete!
2025-12-23 16:13:38 - root - INFO - Logging to file: results/full_training/diana_train.log
2025-12-23 16:13:38 - diana.cli.train - INFO - Using CPU
2025-12-23 16:13:38 - diana.cli.train - INFO - ==================================================
2025-12-23 16:13:38 - diana.cli.train - INFO - Training final model with validation-based early stopping
2025-12-23 16:13:38 - diana.cli.train - INFO - ==================================================
2025-12-23 16:13:38 - diana.cli.train - INFO - Loading best hyperparameters from results/full_training/cv_results/best_hyperparameters.json
2025-12-23 16:13:38 - diana.cli.train - INFO - Hyperparameters: {
  "n_layers": 3.4,
  "hidden_dim_0": 307.2,
  "hidden_dim_1": 473.6,
  "hidden_dim_2": 272.0,
  "hidden_dim_3": 256.0,
  "dropout": 0.1916894511329029,
  "learning_rate": 0.001723369322527049,
  "weight_decay": 3.75062679509968e-05,
  "batch_size": 96.0,
  "use_batch_norm": 0.0,
  "activation": "relu",
  "task_weight_sample_type": 0.9307526054899865,
  "task_weight_community": 1.6222031999590159,
  "task_weight_host": 1.1909289698749994,
  "task_weight_material": 1.8104588615959236
}
2025-12-23 16:13:38 - diana.cli.train - INFO - Submitting SLURM job for final training...
2025-12-23 16:13:38 - diana.cli.train - INFO - Saved training config to results/full_training/final_training_config.json
2025-12-23 16:13:38 - diana.cli.train - INFO - Submitted SLURM job: 61063957
2025-12-23 16:13:38 - diana.cli.train - INFO - Monitor with: squeue -j 61063957
2025-12-23 16:13:38 - diana.cli.train - INFO - Check logs in: results/logs
2025-12-23 16:13:38 - diana.cli.train - INFO - Model will be saved to: results/full_training/best_model.pth
2025-12-23 16:13:38 - diana.cli.train - INFO - Pipeline complete!
2025-12-23 16:16:29 - root - INFO - Logging to file: results/full_training/diana_train.log
2025-12-23 16:16:29 - diana.cli.train - INFO - Using CPU
2025-12-23 16:16:29 - diana.cli.train - INFO - ==================================================
2025-12-23 16:16:29 - diana.cli.train - INFO - Training final model with validation-based early stopping
2025-12-23 16:16:29 - diana.cli.train - INFO - ==================================================
2025-12-23 16:16:29 - diana.cli.train - INFO - Loading best hyperparameters from results/full_training/cv_results/best_hyperparameters.json
2025-12-23 16:16:29 - diana.cli.train - INFO - Hyperparameters: {
  "n_layers": 3.4,
  "hidden_dim_0": 307.2,
  "hidden_dim_1": 473.6,
  "hidden_dim_2": 272.0,
  "hidden_dim_3": 256.0,
  "dropout": 0.1916894511329029,
  "learning_rate": 0.001723369322527049,
  "weight_decay": 3.75062679509968e-05,
  "batch_size": 96.0,
  "use_batch_norm": 0.0,
  "activation": "relu",
  "task_weight_sample_type": 0.9307526054899865,
  "task_weight_community": 1.6222031999590159,
  "task_weight_host": 1.1909289698749994,
  "task_weight_material": 1.8104588615959236
}
2025-12-23 16:16:29 - diana.cli.train - INFO - Submitting SLURM job for final training...
2025-12-23 16:16:29 - diana.cli.train - INFO - Saved training config to results/full_training/final_training_config.json
2025-12-23 16:16:29 - diana.cli.train - INFO - Submitted SLURM job: 61064027
2025-12-23 16:16:29 - diana.cli.train - INFO - Monitor with: squeue -j 61064027
2025-12-23 16:16:29 - diana.cli.train - INFO - Check logs in: results/logs
2025-12-23 16:16:29 - diana.cli.train - INFO - Model will be saved to: results/full_training/best_model.pth
2025-12-23 16:16:29 - diana.cli.train - INFO - Pipeline complete!
2025-12-23 16:28:05 - root - INFO - Logging to file: results/full_training/diana_train.log
2025-12-23 16:28:05 - diana.cli.train - INFO - Using CPU
2025-12-23 16:28:05 - diana.cli.train - INFO - ==================================================
2025-12-23 16:28:05 - diana.cli.train - INFO - Training final model with validation-based early stopping
2025-12-23 16:28:05 - diana.cli.train - INFO - ==================================================
2025-12-23 16:28:05 - diana.cli.train - INFO - Loading best hyperparameters from results/full_training/cv_results/best_hyperparameters.json
2025-12-23 16:28:05 - diana.cli.train - INFO - Hyperparameters: {
  "n_layers": 3.4,
  "hidden_dim_0": 307.2,
  "hidden_dim_1": 473.6,
  "hidden_dim_2": 272.0,
  "hidden_dim_3": 256.0,
  "dropout": 0.1916894511329029,
  "learning_rate": 0.001723369322527049,
  "weight_decay": 3.75062679509968e-05,
  "batch_size": 96.0,
  "use_batch_norm": 0.0,
  "activation": "relu",
  "task_weight_sample_type": 0.9307526054899865,
  "task_weight_community": 1.6222031999590159,
  "task_weight_host": 1.1909289698749994,
  "task_weight_material": 1.8104588615959236
}
2025-12-23 16:28:05 - diana.cli.train - INFO - Submitting SLURM job for final training...
2025-12-23 16:28:05 - diana.cli.train - INFO - Saved training config to results/full_training/final_training_config.json
2025-12-23 16:28:05 - diana.cli.train - INFO - Submitted SLURM job: 61064878
2025-12-23 16:28:05 - diana.cli.train - INFO - Monitor with: squeue -j 61064878
2025-12-23 16:28:05 - diana.cli.train - INFO - Check logs in: results/logs
2025-12-23 16:28:05 - diana.cli.train - INFO - Model will be saved to: results/full_training/best_model.pth
2025-12-23 16:28:05 - diana.cli.train - INFO - Pipeline complete!
2025-12-23 16:31:16 - root - INFO - Logging to file: results/full_training/diana_train.log
2025-12-23 16:31:16 - diana.cli.train - INFO - Using CPU
2025-12-23 16:31:16 - diana.cli.train - INFO - ==================================================
2025-12-23 16:31:16 - diana.cli.train - INFO - Training final model with validation-based early stopping
2025-12-23 16:31:16 - diana.cli.train - INFO - ==================================================
2025-12-23 16:31:16 - diana.cli.train - INFO - Loading best hyperparameters from results/full_training/cv_results/best_hyperparameters.json
2025-12-23 16:31:16 - diana.cli.train - INFO - Hyperparameters: {
  "n_layers": 3.4,
  "hidden_dim_0": 307.2,
  "hidden_dim_1": 473.6,
  "hidden_dim_2": 272.0,
  "hidden_dim_3": 256.0,
  "dropout": 0.1916894511329029,
  "learning_rate": 0.001723369322527049,
  "weight_decay": 3.75062679509968e-05,
  "batch_size": 96.0,
  "use_batch_norm": 0.0,
  "activation": "relu",
  "task_weight_sample_type": 0.9307526054899865,
  "task_weight_community": 1.6222031999590159,
  "task_weight_host": 1.1909289698749994,
  "task_weight_material": 1.8104588615959236
}
2025-12-23 16:31:16 - diana.cli.train - INFO - Submitting SLURM job for final training...
2025-12-23 16:31:16 - diana.cli.train - INFO - Saved training config to results/full_training/final_training_config.json
2025-12-23 16:31:16 - diana.cli.train - INFO - Submitted SLURM job: 61065055
2025-12-23 16:31:16 - diana.cli.train - INFO - Monitor with: squeue -j 61065055
2025-12-23 16:31:16 - diana.cli.train - INFO - Check logs in: results/logs
2025-12-23 16:31:16 - diana.cli.train - INFO - Model will be saved to: results/full_training/best_model.pth
2025-12-23 16:31:16 - diana.cli.train - INFO - Pipeline complete!
2025-12-23 16:34:38 - root - INFO - Logging to file: results/full_training/diana_train.log
2025-12-23 16:34:38 - diana.cli.train - INFO - Using CPU
2025-12-23 16:34:38 - diana.cli.train - INFO - ==================================================
2025-12-23 16:34:38 - diana.cli.train - INFO - Training final model with validation-based early stopping
2025-12-23 16:34:38 - diana.cli.train - INFO - ==================================================
2025-12-23 16:34:38 - diana.cli.train - INFO - Loading best hyperparameters from results/full_training/cv_results/best_hyperparameters.json
2025-12-23 16:34:38 - diana.cli.train - INFO - Hyperparameters: {
  "n_layers": 3.4,
  "hidden_dim_0": 307.2,
  "hidden_dim_1": 473.6,
  "hidden_dim_2": 272.0,
  "hidden_dim_3": 256.0,
  "dropout": 0.1916894511329029,
  "learning_rate": 0.001723369322527049,
  "weight_decay": 3.75062679509968e-05,
  "batch_size": 96.0,
  "use_batch_norm": 0.0,
  "activation": "relu",
  "task_weight_sample_type": 0.9307526054899865,
  "task_weight_community": 1.6222031999590159,
  "task_weight_host": 1.1909289698749994,
  "task_weight_material": 1.8104588615959236
}
2025-12-23 16:34:38 - diana.cli.train - INFO - Submitting SLURM job for final training...
2025-12-23 16:34:38 - diana.cli.train - INFO - Saved training config to results/full_training/final_training_config.json
2025-12-23 16:34:38 - diana.cli.train - INFO - Submitted SLURM job: 61065237
2025-12-23 16:34:38 - diana.cli.train - INFO - Monitor with: squeue -j 61065237
2025-12-23 16:34:38 - diana.cli.train - INFO - Check logs in: results/logs
2025-12-23 16:34:38 - diana.cli.train - INFO - Model will be saved to: results/full_training/best_model.pth
2025-12-23 16:34:38 - diana.cli.train - INFO - Pipeline complete!
